\u26a0 INSECURE CONFIG (dev only): ADMIN_PASSWORD is still the insecure default — set it via env/.env
\u26a0 INSECURE CONFIG (dev only): ADMIN_API_KEY is still the insecure default — set it via env/.env
\u26a0 INSECURE CONFIG (dev only): SECRET_KEY looks like a dev/placeholder value — generate one with `openssl rand -hex 32`
\u26a0 INSECURE CONFIG (dev only): DEBUG must be False in production
WARNING: All log messages before absl::InitializeLog() is called are written to STDERR
I0000 00:00:1784113689.150764   18968 port.cc:153] oneDNN custom operations are on. You may see slightly different numerical results due to floating-point round-off errors from different computation orders. To turn them off, set the environment variable `TF_ENABLE_ONEDNN_OPTS=0`.
WARNING: All log messages before absl::InitializeLog() is called are written to STDERR
I0000 00:00:1784113693.825764   18968 port.cc:153] oneDNN custom operations are on. You may see slightly different numerical results due to floating-point round-off errors from different computation orders. To turn them off, set the environment variable `TF_ENABLE_ONEDNN_OPTS=0`.
INFO:     Started server process [13928]
INFO:     Waiting for application startup.
2026-07-15 16:38:19,153 INFO app.database - Database tables created successfully
2026-07-15 16:38:19,154 INFO finsight - DB initialized
2026-07-15 16:38:19,157 INFO finsight - Startup cleanup: 0 PENDING signals marked EXPIRED
2026-07-15 16:38:19,159 INFO finsight - Background signal refresh loop started
2026-07-15 16:38:19,166 INFO app.services.tradingview_service - OHLCV df via yfinance: EURUSD=X (30d/15m)
2026-07-15 16:38:19,166 INFO app.services.tradingview_service - OHLCV df via yfinance: USDJPY=X (30d/15m)
2026-07-15 16:38:19,166 INFO app.services.tradingview_service - OHLCV df via yfinance: GBPUSD=X (30d/15m)
2026-07-15 16:38:19,166 INFO app.services.tradingview_service - OHLCV df via yfinance: USDCAD=X (30d/15m)
2026-07-15 16:38:19,168 INFO app.services.tradingview_service - OHLCV df via yfinance: AUDUSD=X (30d/15m)
2026-07-15 16:38:19,169 INFO app.services.tradingview_service - OHLCV df via yfinance: GC=F (30d/15m)
2026-07-15 16:38:19,169 INFO app.services.tradingview_service - OHLCV df via yfinance: CL=F (30d/15m)
2026-07-15 16:38:19,170 INFO app.services.tradingview_service - OHLCV df via yfinance: BZ=F (30d/15m)
INFO:     Application startup complete.
2026-07-15 16:38:19,171 INFO app.services.tradingview_service - OHLCV df via yfinance: AAPL (30d/15m)
INFO:     Uvicorn running on http://0.0.0.0:8888 (Press CTRL+C to quit)
2026-07-15 16:38:19,172 INFO app.services.tradingview_service - OHLCV df via yfinance: MSFT (30d/15m)
2026-07-15 16:38:19,177 INFO app.services.tradingview_service - OHLCV df via yfinance: NVDA (30d/15m)
2026-07-15 16:38:19,179 INFO app.services.tradingview_service - OHLCV df via yfinance: TSLA (30d/15m)
2026-07-15 16:38:21,036 INFO app.services.tradingview_service - OHLCV df via yfinance: TSLA (30d/15m)
2026-07-15 16:38:21,086 INFO app.services.tradingview_service - OHLCV df via yfinance: MSFT (30d/15m)
2026-07-15 16:38:21,135 INFO app.services.tradingview_service - OHLCV df via yfinance: AAPL (30d/15m)
2026-07-15 16:38:21,141 INFO app.services.tradingview_service - OHLCV df via yfinance: USDJPY=X (30d/15m)
2026-07-15 16:38:21,182 INFO app.services.tradingview_service - OHLCV df via yfinance: NVDA (30d/15m)
2026-07-15 16:38:21,198 INFO app.services.tradingview_service - OHLCV df via yfinance: AUDUSD=X (30d/15m)
2026-07-15 16:38:21,216 INFO app.services.tradingview_service - OHLCV df via yfinance: GC=F (30d/15m)
2026-07-15 16:38:21,216 INFO app.services.tradingview_service - OHLCV df via yfinance: BZ=F (30d/15m)
2026-07-15 16:38:21,232 INFO app.services.tradingview_service - OHLCV df via yfinance: CL=F (30d/15m)
2026-07-15 16:38:21,244 INFO app.services.tradingview_service - OHLCV df via yfinance: GBPUSD=X (30d/15m)
2026-07-15 16:38:21,246 INFO app.services.tradingview_service - OHLCV df via yfinance: EURUSD=X (30d/15m)
2026-07-15 16:38:21,289 INFO app.services.tradingview_service - OHLCV df via yfinance: USDCAD=X (30d/15m)
2026-07-15 16:38:22,132 INFO app.services.tradingview_service - OHLCV df via yfinance: RELIANCE.NS (30d/15m)
2026-07-15 16:38:22,361 INFO app.services.tradingview_service - OHLCV df via yfinance: TCS.NS (30d/15m)
2026-07-15 16:38:22,413 INFO app.services.tradingview_service - OHLCV df via yfinance: RELIANCE.NS (30d/15m)
2026-07-15 16:38:22,693 INFO app.services.tradingview_service - OHLCV df via yfinance: INFY.NS (30d/15m)
2026-07-15 16:38:22,705 INFO app.services.tradingview_service - OHLCV df via yfinance: TCS.NS (30d/15m)
2026-07-15 16:38:23,005 INFO app.services.tradingview_service - OHLCV df via yfinance: HDFCBANK.NS (30d/15m)
2026-07-15 16:38:23,130 INFO app.services.tradingview_service - OHLCV df via yfinance: INFY.NS (30d/15m)
2026-07-15 16:38:23,201 INFO app.services.tradingview_service - OHLCV df via yfinance: BTC-USD (30d/15m)
2026-07-15 16:38:23,262 INFO app.services.tradingview_service - OHLCV df via yfinance: HDFCBANK.NS (30d/15m)
2026-07-15 16:38:23,399 INFO app.services.tradingview_service - OHLCV df via yfinance: ETH-USD (30d/15m)
2026-07-15 16:38:23,829 INFO app.services.tradingview_service - OHLCV df via yfinance: BTC-USD (30d/15m)
2026-07-15 16:38:23,861 INFO app.services.tradingview_service - OHLCV df via yfinance: ETH-USD (30d/15m)
2026-07-15 16:38:32,096 INFO app.services.tradingview_service - OHLCV df via yfinance: EURUSD=X (30d/15m)
2026-07-15 16:38:32,097 INFO app.services.tradingview_service - OHLCV df via yfinance: GBPUSD=X (30d/15m)
2026-07-15 16:38:32,097 INFO app.services.tradingview_service - OHLCV df via yfinance: USDJPY=X (30d/15m)
2026-07-15 16:38:32,097 INFO app.services.tradingview_service - OHLCV df via yfinance: USDCAD=X (30d/15m)
2026-07-15 16:38:32,098 INFO app.services.tradingview_service - OHLCV df via yfinance: GC=F (30d/15m)
2026-07-15 16:38:32,098 INFO app.services.tradingview_service - OHLCV df via yfinance: BZ=F (30d/15m)
2026-07-15 16:38:32,098 INFO app.services.tradingview_service - OHLCV df via yfinance: AAPL (30d/15m)
2026-07-15 16:38:32,098 INFO app.services.tradingview_service - OHLCV df via yfinance: MSFT (30d/15m)
2026-07-15 16:38:32,099 INFO app.services.tradingview_service - OHLCV df via yfinance: NVDA (30d/15m)
2026-07-15 16:38:32,099 INFO app.services.tradingview_service - OHLCV df via yfinance: TSLA (30d/15m)
2026-07-15 16:38:32,099 INFO app.services.tradingview_service - OHLCV df via yfinance: RELIANCE.NS (30d/15m)
2026-07-15 16:38:32,099 INFO app.services.tradingview_service - OHLCV df via yfinance: TCS.NS (30d/15m)
2026-07-15 16:38:32,909 INFO app.services.tradingview_service - OHLCV df via yfinance: MSFT (30d/15m)
2026-07-15 16:38:32,917 INFO app.services.tradingview_service - OHLCV df via yfinance: AAPL (30d/15m)
2026-07-15 16:38:32,971 INFO app.services.tradingview_service - OHLCV df via yfinance: NVDA (30d/15m)
2026-07-15 16:38:32,991 INFO app.services.tradingview_service - OHLCV df via yfinance: TSLA (30d/15m)
2026-07-15 16:38:33,039 INFO app.services.tradingview_service - OHLCV df via yfinance: USDJPY=X (30d/15m)
2026-07-15 16:38:33,072 INFO app.services.tradingview_service - OHLCV df via yfinance: GC=F (30d/15m)
2026-07-15 16:38:33,073 INFO app.services.tradingview_service - OHLCV df via yfinance: EURUSD=X (30d/15m)
2026-07-15 16:38:33,074 INFO app.services.tradingview_service - OHLCV df via yfinance: TCS.NS (30d/15m)
2026-07-15 16:38:33,110 INFO app.services.tradingview_service - OHLCV df via yfinance: BZ=F (30d/15m)
2026-07-15 16:38:33,119 INFO app.services.tradingview_service - OHLCV df via yfinance: RELIANCE.NS (30d/15m)
2026-07-15 16:38:33,126 INFO app.services.tradingview_service - OHLCV df via yfinance: GBPUSD=X (30d/15m)
2026-07-15 16:38:33,164 INFO app.services.tradingview_service - OHLCV df via yfinance: USDCAD=X (30d/15m)
2026-07-15 16:38:33,774 INFO app.services.tradingview_service - OHLCV df via yfinance: INFY.NS (30d/15m)
2026-07-15 16:38:33,824 INFO app.services.tradingview_service - OHLCV df via yfinance: HDFCBANK.NS (30d/15m)
2026-07-15 16:38:33,845 INFO app.services.tradingview_service - OHLCV df via yfinance: BTC-USD (30d/15m)
2026-07-15 16:38:33,997 INFO app.services.tradingview_service - OHLCV df via yfinance: ETH-USD (30d/15m)
2026-07-15 16:38:34,239 INFO app.services.tradingview_service - OHLCV df via yfinance: INFY.NS (30d/15m)
2026-07-15 16:38:34,323 INFO app.services.tradingview_service - OHLCV df via yfinance: HDFCBANK.NS (30d/15m)
2026-07-15 16:38:34,435 INFO app.services.tradingview_service - OHLCV df via yfinance: BTC-USD (30d/15m)
2026-07-15 16:38:34,471 INFO app.services.tradingview_service - OHLCV df via yfinance: ETH-USD (30d/15m)
2026-07-15 16:38:40,718 INFO app.services.tradingview_service - OHLCV df via yfinance: EURUSD=X (30d/15m)
2026-07-15 16:38:40,719 INFO app.services.tradingview_service - OHLCV df via yfinance: GBPUSD=X (30d/15m)
2026-07-15 16:38:40,719 INFO app.services.tradingview_service - OHLCV df via yfinance: USDJPY=X (30d/15m)
2026-07-15 16:38:40,719 INFO app.services.tradingview_service - OHLCV df via yfinance: USDCAD=X (30d/15m)
2026-07-15 16:38:40,719 INFO app.services.tradingview_service - OHLCV df via yfinance: AUDUSD=X (30d/15m)
2026-07-15 16:38:40,719 INFO app.services.tradingview_service - OHLCV df via yfinance: GC=F (30d/15m)
2026-07-15 16:38:40,719 INFO app.services.tradingview_service - OHLCV df via yfinance: CL=F (30d/15m)
2026-07-15 16:38:40,720 INFO app.services.tradingview_service - OHLCV df via yfinance: BZ=F (30d/15m)
2026-07-15 16:38:40,720 INFO app.services.tradingview_service - OHLCV df via yfinance: AAPL (30d/15m)
2026-07-15 16:38:40,720 INFO app.services.tradingview_service - OHLCV df via yfinance: MSFT (30d/15m)
2026-07-15 16:38:40,720 INFO app.services.tradingview_service - OHLCV df via yfinance: NVDA (30d/15m)
2026-07-15 16:38:40,720 INFO app.services.tradingview_service - OHLCV df via yfinance: TSLA (30d/15m)
2026-07-15 16:38:41,663 INFO app.services.tradingview_service - OHLCV df via yfinance: AAPL (30d/15m)
2026-07-15 16:38:41,837 INFO app.services.tradingview_service - OHLCV df via yfinance: GBPUSD=X (30d/15m)
2026-07-15 16:38:41,919 INFO app.services.tradingview_service - OHLCV df via yfinance: USDJPY=X (30d/15m)
2026-07-15 16:38:41,976 INFO app.services.tradingview_service - OHLCV df via yfinance: TSLA (30d/15m)
2026-07-15 16:38:42,033 INFO app.services.tradingview_service - OHLCV df via yfinance: USDCAD=X (30d/15m)
2026-07-15 16:38:42,035 INFO app.services.tradingview_service - OHLCV df via yfinance: MSFT (30d/15m)
2026-07-15 16:38:42,050 INFO app.services.tradingview_service - OHLCV df via yfinance: EURUSD=X (30d/15m)
2026-07-15 16:38:42,052 INFO app.services.tradingview_service - OHLCV df via yfinance: BZ=F (30d/15m)
2026-07-15 16:38:42,158 INFO app.services.tradingview_service - OHLCV df via yfinance: NVDA (30d/15m)
2026-07-15 16:38:42,164 INFO app.services.tradingview_service - OHLCV df via yfinance: CL=F (30d/15m)
2026-07-15 16:38:42,302 INFO app.services.tradingview_service - OHLCV df via yfinance: GC=F (30d/15m)
2026-07-15 16:38:42,424 INFO app.services.tradingview_service - OHLCV df via yfinance: AUDUSD=X (30d/15m)
2026-07-15 16:38:42,736 INFO app.services.tradingview_service - OHLCV df via yfinance: RELIANCE.NS (30d/15m)
2026-07-15 16:38:43,060 INFO app.services.tradingview_service - OHLCV df via yfinance: TCS.NS (30d/15m)
2026-07-15 16:38:43,154 INFO app.services.tradingview_service - OHLCV df via yfinance: INFY.NS (30d/15m)
2026-07-15 16:38:43,155 INFO app.services.tradingview_service - OHLCV df via yfinance: HDFCBANK.NS (30d/15m)
2026-07-15 16:38:43,216 INFO app.services.tradingview_service - OHLCV df via yfinance: BTC-USD (30d/15m)
2026-07-15 16:38:43,230 INFO app.services.tradingview_service - OHLCV df via yfinance: ETH-USD (30d/15m)
2026-07-15 16:38:43,615 INFO app.services.tradingview_service - OHLCV df via yfinance: RELIANCE.NS (30d/15m)
2026-07-15 16:38:43,841 INFO app.services.tradingview_service - OHLCV df via yfinance: TCS.NS (30d/15m)
2026-07-15 16:38:43,861 INFO app.services.tradingview_service - OHLCV df via yfinance: INFY.NS (30d/15m)
2026-07-15 16:38:43,934 INFO app.services.tradingview_service - OHLCV df via yfinance: HDFCBANK.NS (30d/15m)
2026-07-15 16:38:44,215 INFO app.services.tradingview_service - OHLCV df via yfinance: ETH-USD (30d/15m)
2026-07-15 16:38:44,226 INFO app.services.tradingview_service - OHLCV df via yfinance: BTC-USD (30d/15m)
2026-07-15 16:38:50,559 INFO app.services.tradingview_service - OHLCV df via yfinance: EURUSD=X (30d/15m)
2026-07-15 16:38:50,560 INFO app.services.tradingview_service - OHLCV df via yfinance: GBPUSD=X (30d/15m)
2026-07-15 16:38:50,560 INFO app.services.tradingview_service - OHLCV df via yfinance: USDJPY=X (30d/15m)
2026-07-15 16:38:50,560 INFO app.services.tradingview_service - OHLCV df via yfinance: USDCAD=X (30d/15m)
2026-07-15 16:38:50,560 INFO app.services.tradingview_service - OHLCV df via yfinance: GC=F (30d/15m)
2026-07-15 16:38:50,560 INFO app.services.tradingview_service - OHLCV df via yfinance: RELIANCE.NS (30d/15m)
2026-07-15 16:38:50,560 INFO app.services.tradingview_service - OHLCV df via yfinance: BZ=F (30d/15m)
2026-07-15 16:38:50,560 INFO app.services.tradingview_service - OHLCV df via yfinance: AAPL (30d/15m)
2026-07-15 16:38:50,560 INFO app.services.tradingview_service - OHLCV df via yfinance: MSFT (30d/15m)
2026-07-15 16:38:50,561 INFO app.services.tradingview_service - OHLCV df via yfinance: NVDA (30d/15m)
2026-07-15 16:38:50,561 INFO app.services.tradingview_service - OHLCV df via yfinance: TSLA (30d/15m)
2026-07-15 16:38:50,562 INFO app.services.tradingview_service - OHLCV df via yfinance: TCS.NS (30d/15m)
2026-07-15 16:38:50,694 INFO app.services.tradingview_service - OHLCV df via yfinance: RELIANCE.NS (30d/15m)
2026-07-15 16:38:50,715 INFO app.services.tradingview_service - OHLCV df via yfinance: GC=F (30d/15m)
2026-07-15 16:38:51,103 INFO app.services.tradingview_service - OHLCV df via yfinance: INFY.NS (30d/15m)
2026-07-15 16:38:51,416 INFO app.services.tradingview_service - OHLCV df via yfinance: HDFCBANK.NS (30d/15m)
2026-07-15 16:38:51,502 INFO app.services.tradingview_service - OHLCV df via yfinance: MSFT (30d/15m)
2026-07-15 16:38:51,505 INFO app.services.tradingview_service - OHLCV df via yfinance: AAPL (30d/15m)
2026-07-15 16:38:51,515 INFO app.services.tradingview_service - OHLCV df via yfinance: BZ=F (30d/15m)
2026-07-15 16:38:51,527 INFO app.services.tradingview_service - OHLCV df via yfinance: TCS.NS (30d/15m)
2026-07-15 16:38:51,537 INFO app.services.tradingview_service - OHLCV df via yfinance: GBPUSD=X (30d/15m)
2026-07-15 16:38:51,559 INFO app.services.tradingview_service - OHLCV df via yfinance: EURUSD=X (30d/15m)
2026-07-15 16:38:51,581 INFO app.services.tradingview_service - OHLCV df via yfinance: TSLA (30d/15m)
2026-07-15 16:38:51,638 INFO app.services.tradingview_service - OHLCV df via yfinance: NVDA (30d/15m)
2026-07-15 16:38:51,679 INFO app.services.tradingview_service - OHLCV df via yfinance: USDCAD=X (30d/15m)
2026-07-15 16:38:52,178 INFO app.services.tradingview_service - OHLCV df via yfinance: INFY.NS (30d/15m)
2026-07-15 16:38:52,255 INFO app.services.tradingview_service - OHLCV df via yfinance: BTC-USD (30d/15m)
2026-07-15 16:38:52,269 INFO app.services.tradingview_service - OHLCV df via yfinance: ETH-USD (30d/15m)
2026-07-15 16:38:52,451 INFO app.services.tradingview_service - OHLCV df via yfinance: HDFCBANK.NS (30d/15m)
2026-07-15 16:38:52,624 INFO app.services.tradingview_service - OHLCV df via yfinance: USDJPY=X (30d/15m)
2026-07-15 16:38:52,812 INFO app.services.tradingview_service - OHLCV df via yfinance: ETH-USD (30d/15m)
2026-07-15 16:38:52,894 INFO app.services.tradingview_service - OHLCV df via yfinance: BTC-USD (30d/15m)
2026-07-15 16:38:53,566 INFO app.services.tradingview_service - TradingView scan: 1 ticker(s) ['NSE:SUZLON']
2026-07-15 16:38:59,345 INFO app.services.tradingview_service - OHLCV df via yfinance: EURUSD=X (30d/15m)
2026-07-15 16:38:59,345 INFO app.services.tradingview_service - OHLCV df via yfinance: GBPUSD=X (30d/15m)
2026-07-15 16:38:59,345 INFO app.services.tradingview_service - OHLCV df via yfinance: USDJPY=X (30d/15m)
2026-07-15 16:38:59,345 INFO app.services.tradingview_service - OHLCV df via yfinance: USDCAD=X (30d/15m)
2026-07-15 16:38:59,345 INFO app.services.tradingview_service - OHLCV df via yfinance: GC=F (30d/15m)
2026-07-15 16:38:59,345 INFO app.services.tradingview_service - OHLCV df via yfinance: AUDUSD=X (30d/15m)
2026-07-15 16:38:59,345 INFO app.services.tradingview_service - OHLCV df via yfinance: CL=F (30d/15m)
2026-07-15 16:38:59,345 INFO app.services.tradingview_service - OHLCV df via yfinance: BZ=F (30d/15m)
2026-07-15 16:38:59,345 INFO app.services.tradingview_service - OHLCV df via yfinance: AAPL (30d/15m)
2026-07-15 16:38:59,346 INFO app.services.tradingview_service - OHLCV df via yfinance: MSFT (30d/15m)
2026-07-15 16:38:59,346 INFO app.services.tradingview_service - OHLCV df via yfinance: TSLA (30d/15m)
2026-07-15 16:38:59,347 INFO app.services.tradingview_service - OHLCV df via yfinance: NVDA (30d/15m)
2026-07-15 16:39:00,066 INFO app.services.tradingview_service - OHLCV df via yfinance: NVDA (30d/15m)
2026-07-15 16:39:00,126 INFO app.services.tradingview_service - OHLCV df via yfinance: MSFT (30d/15m)
2026-07-15 16:39:00,136 INFO app.services.tradingview_service - OHLCV df via yfinance: TSLA (30d/15m)
2026-07-15 16:39:00,180 INFO app.services.tradingview_service - OHLCV df via yfinance: USDCAD=X (30d/15m)
2026-07-15 16:39:00,220 INFO app.services.tradingview_service - OHLCV df via yfinance: USDJPY=X (30d/15m)
2026-07-15 16:39:00,221 INFO app.services.tradingview_service - OHLCV df via yfinance: AAPL (30d/15m)
2026-07-15 16:39:00,234 INFO app.services.tradingview_service - OHLCV df via yfinance: EURUSD=X (30d/15m)
2026-07-15 16:39:00,268 INFO app.services.tradingview_service - OHLCV df via yfinance: CL=F (30d/15m)
2026-07-15 16:39:00,307 INFO app.services.tradingview_service - OHLCV df via yfinance: AUDUSD=X (30d/15m)
2026-07-15 16:39:00,312 INFO app.services.tradingview_service - OHLCV df via yfinance: GC=F (30d/15m)
2026-07-15 16:39:00,321 INFO app.services.tradingview_service - OHLCV df via yfinance: BZ=F (30d/15m)
2026-07-15 16:39:00,326 INFO app.services.tradingview_service - OHLCV df via yfinance: GBPUSD=X (30d/15m)
2026-07-15 16:39:00,783 INFO app.services.tradingview_service - OHLCV df via yfinance: RELIANCE.NS (30d/15m)
2026-07-15 16:39:00,826 INFO app.services.tradingview_service - OHLCV df via yfinance: TCS.NS (30d/15m)
2026-07-15 16:39:00,863 INFO app.services.tradingview_service - OHLCV df via yfinance: INFY.NS (30d/15m)
2026-07-15 16:39:00,878 INFO app.services.tradingview_service - OHLCV df via yfinance: HDFCBANK.NS (30d/15m)
2026-07-15 16:39:01,015 INFO app.services.tradingview_service - OHLCV df via yfinance: BTC-USD (30d/15m)
2026-07-15 16:39:01,029 INFO app.services.tradingview_service - OHLCV df via yfinance: ETH-USD (30d/15m)
2026-07-15 16:39:01,254 INFO app.services.tradingview_service - OHLCV df via yfinance: HDFCBANK.NS (30d/15m)
2026-07-15 16:39:01,275 INFO app.services.tradingview_service - OHLCV df via yfinance: RELIANCE.NS (30d/15m)
2026-07-15 16:39:01,286 INFO app.services.tradingview_service - OHLCV df via yfinance: INFY.NS (30d/15m)
2026-07-15 16:39:01,296 INFO app.services.tradingview_service - OHLCV df via yfinance: TCS.NS (30d/15m)
2026-07-15 16:39:01,644 INFO app.services.tradingview_service - OHLCV df via yfinance: ETH-USD (30d/15m)
2026-07-15 16:39:01,682 INFO app.services.tradingview_service - OHLCV df via yfinance: BTC-USD (30d/15m)
2026-07-15 16:39:07,802 INFO app.services.tradingview_service - OHLCV df via yfinance: EURUSD=X (30d/15m)
2026-07-15 16:39:07,802 INFO app.services.tradingview_service - OHLCV df via yfinance: GBPUSD=X (30d/15m)
2026-07-15 16:39:07,802 INFO app.services.tradingview_service - OHLCV df via yfinance: USDJPY=X (30d/15m)
2026-07-15 16:39:07,802 INFO app.services.tradingview_service - OHLCV df via yfinance: USDCAD=X (30d/15m)
2026-07-15 16:39:07,803 INFO app.services.tradingview_service - OHLCV df via yfinance: GC=F (30d/15m)
2026-07-15 16:39:07,803 INFO app.services.tradingview_service - OHLCV df via yfinance: BZ=F (30d/15m)
2026-07-15 16:39:07,803 INFO app.services.tradingview_service - OHLCV df via yfinance: AAPL (30d/15m)
2026-07-15 16:39:07,803 INFO app.services.tradingview_service - OHLCV df via yfinance: MSFT (30d/15m)
2026-07-15 16:39:07,803 INFO app.services.tradingview_service - OHLCV df via yfinance: NVDA (30d/15m)
2026-07-15 16:39:07,803 INFO app.services.tradingview_service - OHLCV df via yfinance: TSLA (30d/15m)
2026-07-15 16:39:07,803 INFO app.services.tradingview_service - OHLCV df via yfinance: RELIANCE.NS (30d/15m)
2026-07-15 16:39:07,803 INFO app.services.tradingview_service - OHLCV df via yfinance: TCS.NS (30d/15m)
2026-07-15 16:39:07,906 INFO app.services.tradingview_service - OHLCV df via yfinance: EURUSD=X (30d/15m)
2026-07-15 16:39:08,045 INFO app.services.tradingview_service - OHLCV df via yfinance: INFY.NS (30d/15m)
2026-07-15 16:39:08,429 INFO app.services.tradingview_service - OHLCV df via yfinance: TSLA (30d/15m)
2026-07-15 16:39:08,697 INFO app.services.tradingview_service - OHLCV df via yfinance: GC=F (30d/15m)
2026-07-15 16:39:08,772 INFO app.services.tradingview_service - OHLCV df via yfinance: BZ=F (30d/15m)
2026-07-15 16:39:08,785 INFO app.services.tradingview_service - OHLCV df via yfinance: AAPL (30d/15m)
2026-07-15 16:39:08,790 INFO app.services.tradingview_service - OHLCV df via yfinance: GBPUSD=X (30d/15m)
2026-07-15 16:39:08,861 INFO app.services.tradingview_service - OHLCV df via yfinance: MSFT (30d/15m)
2026-07-15 16:39:08,870 INFO app.services.tradingview_service - OHLCV df via yfinance: TCS.NS (30d/15m)
2026-07-15 16:39:08,875 INFO app.services.tradingview_service - OHLCV df via yfinance: RELIANCE.NS (30d/15m)
2026-07-15 16:39:08,936 INFO app.services.tradingview_service - OHLCV df via yfinance: NVDA (30d/15m)
2026-07-15 16:39:08,970 INFO app.services.tradingview_service - OHLCV df via yfinance: USDCAD=X (30d/15m)
2026-07-15 16:39:09,154 INFO app.services.tradingview_service - OHLCV df via yfinance: USDJPY=X (30d/15m)
2026-07-15 16:39:09,164 INFO app.services.tradingview_service - OHLCV df via yfinance: INFY.NS (30d/15m)
2026-07-15 16:39:09,413 INFO app.services.tradingview_service - OHLCV df via yfinance: HDFCBANK.NS (30d/15m)
2026-07-15 16:39:09,573 INFO app.services.tradingview_service - OHLCV df via yfinance: BTC-USD (30d/15m)
2026-07-15 16:39:09,669 INFO app.services.tradingview_service - OHLCV df via yfinance: ETH-USD (30d/15m)
2026-07-15 16:39:10,017 INFO app.services.tradingview_service - OHLCV df via yfinance: HDFCBANK.NS (30d/15m)
2026-07-15 16:39:10,056 INFO app.services.tradingview_service - OHLCV df via yfinance: BTC-USD (30d/15m)
2026-07-15 16:39:10,073 INFO app.services.tradingview_service - OHLCV df via yfinance: ETH-USD (30d/15m)
2026-07-15 16:39:16,295 INFO app.services.tradingview_service - OHLCV df via yfinance: EURUSD=X (30d/15m)
2026-07-15 16:39:16,295 INFO app.services.tradingview_service - OHLCV df via yfinance: GBPUSD=X (30d/15m)
2026-07-15 16:39:16,295 INFO app.services.tradingview_service - OHLCV df via yfinance: USDJPY=X (30d/15m)
2026-07-15 16:39:16,296 INFO app.services.tradingview_service - OHLCV df via yfinance: USDCAD=X (30d/15m)
2026-07-15 16:39:16,296 INFO app.services.tradingview_service - OHLCV df via yfinance: AUDUSD=X (30d/15m)
2026-07-15 16:39:16,296 INFO app.services.tradingview_service - OHLCV df via yfinance: GC=F (30d/15m)
2026-07-15 16:39:16,296 INFO app.services.tradingview_service - OHLCV df via yfinance: CL=F (30d/15m)
2026-07-15 16:39:16,296 INFO app.services.tradingview_service - OHLCV df via yfinance: BZ=F (30d/15m)
2026-07-15 16:39:16,296 INFO app.services.tradingview_service - OHLCV df via yfinance: AAPL (30d/15m)
2026-07-15 16:39:16,296 INFO app.services.tradingview_service - OHLCV df via yfinance: MSFT (30d/15m)
2026-07-15 16:39:16,296 INFO app.services.tradingview_service - OHLCV df via yfinance: NVDA (30d/15m)
2026-07-15 16:39:16,296 INFO app.services.tradingview_service - OHLCV df via yfinance: TSLA (30d/15m)
2026-07-15 16:39:16,471 INFO app.services.tradingview_service - OHLCV df via yfinance: USDJPY=X (30d/15m)
2026-07-15 16:39:16,690 INFO app.services.tradingview_service - OHLCV df via yfinance: USDCAD=X (30d/15m)
2026-07-15 16:39:17,087 INFO app.services.tradingview_service - OHLCV df via yfinance: EURUSD=X (30d/15m)
2026-07-15 16:39:17,129 INFO app.services.tradingview_service - OHLCV df via yfinance: NVDA (30d/15m)
2026-07-15 16:39:17,145 INFO app.services.tradingview_service - OHLCV df via yfinance: AAPL (30d/15m)
2026-07-15 16:39:17,171 INFO app.services.tradingview_service - OHLCV df via yfinance: CL=F (30d/15m)
2026-07-15 16:39:17,186 INFO app.services.tradingview_service - OHLCV df via yfinance: TSLA (30d/15m)
2026-07-15 16:39:17,231 INFO app.services.tradingview_service - OHLCV df via yfinance: GBPUSD=X (30d/15m)
2026-07-15 16:39:17,236 INFO app.services.tradingview_service - OHLCV df via yfinance: BZ=F (30d/15m)
2026-07-15 16:39:17,243 INFO app.services.tradingview_service - OHLCV df via yfinance: AUDUSD=X (30d/15m)
2026-07-15 16:39:17,248 INFO app.services.tradingview_service - OHLCV df via yfinance: RELIANCE.NS (30d/15m)
2026-07-15 16:39:17,283 INFO app.services.tradingview_service - OHLCV df via yfinance: GC=F (30d/15m)
2026-07-15 16:39:17,328 INFO app.services.tradingview_service - OHLCV df via yfinance: MSFT (30d/15m)
2026-07-15 16:39:17,562 INFO app.services.tradingview_service - OHLCV df via yfinance: TCS.NS (30d/15m)
2026-07-15 16:39:17,777 INFO app.services.tradingview_service - OHLCV df via yfinance: INFY.NS (30d/15m)
2026-07-15 16:39:17,843 INFO app.services.tradingview_service - OHLCV df via yfinance: HDFCBANK.NS (30d/15m)
2026-07-15 16:39:17,928 INFO app.services.tradingview_service - OHLCV df via yfinance: BTC-USD (30d/15m)
2026-07-15 16:39:17,933 INFO app.services.tradingview_service - OHLCV df via yfinance: ETH-USD (30d/15m)
2026-07-15 16:39:18,251 INFO app.services.tradingview_service - OHLCV df via yfinance: RELIANCE.NS (30d/15m)
2026-07-15 16:39:18,367 INFO app.services.tradingview_service - OHLCV df via yfinance: TCS.NS (30d/15m)
2026-07-15 16:39:18,410 INFO app.services.tradingview_service - OHLCV df via yfinance: INFY.NS (30d/15m)
2026-07-15 16:39:18,500 INFO app.services.tradingview_service - OHLCV df via yfinance: HDFCBANK.NS (30d/15m)
2026-07-15 16:39:18,534 INFO app.services.tradingview_service - OHLCV df via yfinance: ETH-USD (30d/15m)
2026-07-15 16:39:18,645 INFO app.services.tradingview_service - OHLCV df via yfinance: BTC-USD (30d/15m)
2026-07-15 16:39:25,012 INFO app.services.tradingview_service - OHLCV df via yfinance: EURUSD=X (30d/15m)
2026-07-15 16:39:25,013 INFO app.services.tradingview_service - OHLCV df via yfinance: GBPUSD=X (30d/15m)
2026-07-15 16:39:25,013 INFO app.services.tradingview_service - OHLCV df via yfinance: USDJPY=X (30d/15m)
2026-07-15 16:39:25,013 INFO app.services.tradingview_service - OHLCV df via yfinance: USDCAD=X (30d/15m)
2026-07-15 16:39:25,014 INFO app.services.tradingview_service - OHLCV df via yfinance: GC=F (30d/15m)
2026-07-15 16:39:25,014 INFO app.services.tradingview_service - OHLCV df via yfinance: CL=F (30d/15m)
2026-07-15 16:39:25,014 INFO app.services.tradingview_service - OHLCV df via yfinance: BZ=F (30d/15m)
2026-07-15 16:39:25,014 INFO app.services.tradingview_service - OHLCV df via yfinance: AAPL (30d/15m)
2026-07-15 16:39:25,014 INFO app.services.tradingview_service - OHLCV df via yfinance: MSFT (30d/15m)
2026-07-15 16:39:25,015 INFO app.services.tradingview_service - OHLCV df via yfinance: NVDA (30d/15m)
2026-07-15 16:39:25,015 INFO app.services.tradingview_service - OHLCV df via yfinance: TSLA (30d/15m)
2026-07-15 16:39:25,015 INFO app.services.tradingview_service - OHLCV df via yfinance: RELIANCE.NS (30d/15m)
2026-07-15 16:39:25,522 INFO app.services.tradingview_service - OHLCV df via yfinance: RELIANCE.NS (30d/15m)
2026-07-15 16:39:25,768 INFO app.services.tradingview_service - OHLCV df via yfinance: TSLA (30d/15m)
2026-07-15 16:39:25,836 INFO app.services.tradingview_service - OHLCV df via yfinance: MSFT (30d/15m)
2026-07-15 16:39:25,932 INFO app.services.tradingview_service - OHLCV df via yfinance: GBPUSD=X (30d/15m)
2026-07-15 16:39:25,937 INFO app.services.tradingview_service - OHLCV df via yfinance: BZ=F (30d/15m)
2026-07-15 16:39:25,960 INFO app.services.tradingview_service - OHLCV df via yfinance: AAPL (30d/15m)
2026-07-15 16:39:25,964 INFO app.services.tradingview_service - OHLCV df via yfinance: USDCAD=X (30d/15m)
2026-07-15 16:39:25,966 INFO app.services.tradingview_service - OHLCV df via yfinance: USDJPY=X (30d/15m)
2026-07-15 16:39:25,968 INFO app.services.tradingview_service - OHLCV df via yfinance: GC=F (30d/15m)
2026-07-15 16:39:25,969 INFO app.services.tradingview_service - OHLCV df via yfinance: EURUSD=X (30d/15m)
2026-07-15 16:39:25,974 INFO app.services.tradingview_service - OHLCV df via yfinance: CL=F (30d/15m)
2026-07-15 16:39:25,984 INFO app.services.tradingview_service - OHLCV df via yfinance: NVDA (30d/15m)
2026-07-15 16:39:26,398 INFO app.services.tradingview_service - OHLCV df via yfinance: TCS.NS (30d/15m)
2026-07-15 16:39:26,498 INFO app.services.tradingview_service - OHLCV df via yfinance: INFY.NS (30d/15m)
2026-07-15 16:39:26,624 INFO app.services.tradingview_service - OHLCV df via yfinance: HDFCBANK.NS (30d/15m)
2026-07-15 16:39:26,846 INFO app.services.tradingview_service - OHLCV df via yfinance: BTC-USD (30d/15m)
2026-07-15 16:39:26,911 INFO app.services.tradingview_service - OHLCV df via yfinance: ETH-USD (30d/15m)
2026-07-15 16:39:27,201 INFO app.services.tradingview_service - OHLCV df via yfinance: INFY.NS (30d/15m)
2026-07-15 16:39:27,205 INFO app.services.tradingview_service - OHLCV df via yfinance: TCS.NS (30d/15m)
2026-07-15 16:39:27,212 INFO app.services.tradingview_service - OHLCV df via yfinance: HDFCBANK.NS (30d/15m)
2026-07-15 16:39:27,539 INFO app.services.tradingview_service - OHLCV df via yfinance: ETH-USD (30d/15m)
2026-07-15 16:39:27,554 INFO app.services.tradingview_service - OHLCV df via yfinance: BTC-USD (30d/15m)
2026-07-15 16:39:33,798 INFO app.services.tradingview_service - OHLCV df via yfinance: EURUSD=X (30d/15m)
2026-07-15 16:39:33,799 INFO app.services.tradingview_service - OHLCV df via yfinance: GBPUSD=X (30d/15m)
2026-07-15 16:39:33,799 INFO app.services.tradingview_service - OHLCV df via yfinance: USDJPY=X (30d/15m)
2026-07-15 16:39:33,799 INFO app.services.tradingview_service - OHLCV df via yfinance: USDCAD=X (30d/15m)
2026-07-15 16:39:33,799 INFO app.services.tradingview_service - OHLCV df via yfinance: AUDUSD=X (30d/15m)
2026-07-15 16:39:33,799 INFO app.services.tradingview_service - OHLCV df via yfinance: GC=F (30d/15m)
2026-07-15 16:39:33,799 INFO app.services.tradingview_service - OHLCV df via yfinance: CL=F (30d/15m)
2026-07-15 16:39:33,799 INFO app.services.tradingview_service - OHLCV df via yfinance: BZ=F (30d/15m)
2026-07-15 16:39:33,799 INFO app.services.tradingview_service - OHLCV df via yfinance: AAPL (30d/15m)
2026-07-15 16:39:33,799 INFO app.services.tradingview_service - OHLCV df via yfinance: MSFT (30d/15m)
2026-07-15 16:39:33,800 INFO app.services.tradingview_service - OHLCV df via yfinance: NVDA (30d/15m)
2026-07-15 16:39:33,800 INFO app.services.tradingview_service - OHLCV df via yfinance: TSLA (30d/15m)
2026-07-15 16:39:34,408 INFO app.services.tradingview_service - OHLCV df via yfinance: EURUSD=X (30d/15m)
2026-07-15 16:39:34,431 INFO app.services.tradingview_service - OHLCV df via yfinance: USDJPY=X (30d/15m)
2026-07-15 16:39:34,478 INFO app.services.tradingview_service - OHLCV df via yfinance: NVDA (30d/15m)
2026-07-15 16:39:34,604 INFO app.services.tradingview_service - OHLCV df via yfinance: GC=F (30d/15m)
2026-07-15 16:39:34,622 INFO app.services.tradingview_service - OHLCV df via yfinance: CL=F (30d/15m)
2026-07-15 16:39:34,658 INFO app.services.tradingview_service - OHLCV df via yfinance: AAPL (30d/15m)
2026-07-15 16:39:34,671 INFO app.services.tradingview_service - OHLCV df via yfinance: TSLA (30d/15m)
2026-07-15 16:39:34,771 INFO app.services.tradingview_service - OHLCV df via yfinance: MSFT (30d/15m)
2026-07-15 16:39:34,900 INFO app.services.tradingview_service - OHLCV df via yfinance: AUDUSD=X (30d/15m)
2026-07-15 16:39:34,968 INFO app.services.tradingview_service - OHLCV df via yfinance: GBPUSD=X (30d/15m)
2026-07-15 16:39:34,984 INFO app.services.tradingview_service - OHLCV df via yfinance: USDCAD=X (30d/15m)
2026-07-15 16:39:35,072 INFO app.services.tradingview_service - OHLCV df via yfinance: BZ=F (30d/15m)
2026-07-15 16:39:35,193 INFO app.services.tradingview_service - OHLCV df via yfinance: RELIANCE.NS (30d/15m)
2026-07-15 16:39:35,232 INFO app.services.tradingview_service - OHLCV df via yfinance: TCS.NS (30d/15m)
2026-07-15 16:39:35,248 INFO app.services.tradingview_service - OHLCV df via yfinance: INFY.NS (30d/15m)
2026-07-15 16:39:35,394 INFO app.services.tradingview_service - OHLCV df via yfinance: HDFCBANK.NS (30d/15m)
2026-07-15 16:39:35,417 INFO app.services.tradingview_service - OHLCV df via yfinance: BTC-USD (30d/15m)
2026-07-15 16:39:35,429 INFO app.services.tradingview_service - OHLCV df via yfinance: ETH-USD (30d/15m)
2026-07-15 16:39:35,908 INFO app.services.tradingview_service - OHLCV df via yfinance: INFY.NS (30d/15m)
2026-07-15 16:39:35,933 INFO app.services.tradingview_service - OHLCV df via yfinance: TCS.NS (30d/15m)
2026-07-15 16:39:35,935 INFO app.services.tradingview_service - OHLCV df via yfinance: RELIANCE.NS (30d/15m)
2026-07-15 16:39:35,953 INFO app.services.tradingview_service - OHLCV df via yfinance: HDFCBANK.NS (30d/15m)
2026-07-15 16:39:35,988 INFO app.services.tradingview_service - OHLCV df via yfinance: ETH-USD (30d/15m)
2026-07-15 16:39:35,995 INFO app.services.tradingview_service - OHLCV df via yfinance: BTC-USD (30d/15m)
2026-07-15 16:39:42,365 INFO app.services.tradingview_service - OHLCV df via yfinance: EURUSD=X (30d/15m)
2026-07-15 16:39:42,365 INFO app.services.tradingview_service - OHLCV df via yfinance: GBPUSD=X (30d/15m)
2026-07-15 16:39:42,365 INFO app.services.tradingview_service - OHLCV df via yfinance: USDJPY=X (30d/15m)
2026-07-15 16:39:42,365 INFO app.services.tradingview_service - OHLCV df via yfinance: USDCAD=X (30d/15m)
2026-07-15 16:39:42,365 INFO app.services.tradingview_service - OHLCV df via yfinance: GC=F (30d/15m)
2026-07-15 16:39:42,365 INFO app.services.tradingview_service - OHLCV df via yfinance: BZ=F (30d/15m)
2026-07-15 16:39:42,365 INFO app.services.tradingview_service - OHLCV df via yfinance: MSFT (30d/15m)
2026-07-15 16:39:42,365 INFO app.services.tradingview_service - OHLCV df via yfinance: NVDA (30d/15m)
2026-07-15 16:39:42,365 INFO app.services.tradingview_service - OHLCV df via yfinance: TSLA (30d/15m)
2026-07-15 16:39:42,366 INFO app.services.tradingview_service - OHLCV df via yfinance: RELIANCE.NS (30d/15m)
2026-07-15 16:39:42,366 INFO app.services.tradingview_service - OHLCV df via yfinance: CL=F (30d/15m)
2026-07-15 16:39:42,366 INFO app.services.tradingview_service - OHLCV df via yfinance: AAPL (30d/15m)
2026-07-15 16:39:42,995 INFO app.services.tradingview_service - OHLCV df via yfinance: TSLA (30d/15m)
2026-07-15 16:39:43,229 INFO app.services.tradingview_service - OHLCV df via yfinance: RELIANCE.NS (30d/15m)
2026-07-15 16:39:43,243 INFO app.services.tradingview_service - OHLCV df via yfinance: NVDA (30d/15m)
2026-07-15 16:39:43,326 INFO app.services.tradingview_service - OHLCV df via yfinance: MSFT (30d/15m)
2026-07-15 16:39:43,347 INFO app.services.tradingview_service - OHLCV df via yfinance: EURUSD=X (30d/15m)
2026-07-15 16:39:43,371 INFO app.services.tradingview_service - OHLCV df via yfinance: GC=F (30d/15m)
2026-07-15 16:39:43,376 INFO app.services.tradingview_service - OHLCV df via yfinance: AAPL (30d/15m)
2026-07-15 16:39:43,384 INFO app.services.tradingview_service - OHLCV df via yfinance: GBPUSD=X (30d/15m)
2026-07-15 16:39:43,426 INFO app.services.tradingview_service - OHLCV df via yfinance: BZ=F (30d/15m)
2026-07-15 16:39:43,510 INFO app.services.tradingview_service - OHLCV df via yfinance: CL=F (30d/15m)
2026-07-15 16:39:43,516 INFO app.services.tradingview_service - OHLCV df via yfinance: USDCAD=X (30d/15m)
2026-07-15 16:39:43,806 INFO app.services.tradingview_service - OHLCV df via yfinance: USDJPY=X (30d/15m)
2026-07-15 16:39:43,846 INFO app.services.tradingview_service - OHLCV df via yfinance: TCS.NS (30d/15m)
2026-07-15 16:39:44,253 INFO app.services.tradingview_service - OHLCV df via yfinance: INFY.NS (30d/15m)
2026-07-15 16:39:44,324 INFO app.services.tradingview_service - OHLCV df via yfinance: HDFCBANK.NS (30d/15m)
2026-07-15 16:39:44,386 INFO app.services.tradingview_service - OHLCV df via yfinance: BTC-USD (30d/15m)
2026-07-15 16:39:44,392 INFO app.services.tradingview_service - OHLCV df via yfinance: ETH-USD (30d/15m)
2026-07-15 16:39:44,740 INFO app.services.tradingview_service - OHLCV df via yfinance: TCS.NS (30d/15m)
2026-07-15 16:39:44,888 INFO app.services.tradingview_service - OHLCV df via yfinance: INFY.NS (30d/15m)
2026-07-15 16:39:44,919 INFO app.services.tradingview_service - OHLCV df via yfinance: HDFCBANK.NS (30d/15m)
2026-07-15 16:39:45,096 INFO app.services.tradingview_service - OHLCV df via yfinance: BTC-USD (30d/15m)
2026-07-15 16:39:45,136 INFO app.services.tradingview_service - OHLCV df via yfinance: ETH-USD (30d/15m)
2026-07-15 16:39:51,429 INFO app.services.tradingview_service - OHLCV df via yfinance: EURUSD=X (30d/15m)
2026-07-15 16:39:51,429 INFO app.services.tradingview_service - OHLCV df via yfinance: GBPUSD=X (30d/15m)
2026-07-15 16:39:51,429 INFO app.services.tradingview_service - OHLCV df via yfinance: USDJPY=X (30d/15m)
2026-07-15 16:39:51,430 INFO app.services.tradingview_service - OHLCV df via yfinance: USDCAD=X (30d/15m)
2026-07-15 16:39:51,430 INFO app.services.tradingview_service - OHLCV df via yfinance: AUDUSD=X (30d/15m)
2026-07-15 16:39:51,430 INFO app.services.tradingview_service - OHLCV df via yfinance: GC=F (30d/15m)
2026-07-15 16:39:51,430 INFO app.services.tradingview_service - OHLCV df via yfinance: CL=F (30d/15m)
2026-07-15 16:39:51,430 INFO app.services.tradingview_service - OHLCV df via yfinance: BZ=F (30d/15m)
2026-07-15 16:39:51,430 INFO app.services.tradingview_service - OHLCV df via yfinance: AAPL (30d/15m)
2026-07-15 16:39:51,430 INFO app.services.tradingview_service - OHLCV df via yfinance: MSFT (30d/15m)
2026-07-15 16:39:51,430 INFO app.services.tradingview_service - OHLCV df via yfinance: NVDA (30d/15m)
2026-07-15 16:39:51,430 INFO app.services.tradingview_service - OHLCV df via yfinance: TSLA (30d/15m)
2026-07-15 16:39:53,617 INFO app.services.tradingview_service - TradingView scan: 1 ticker(s) ['NSE:SUZLON']
2026-07-15 16:39:53,853 INFO app.services.tradingview_service - OHLCV df via yfinance: TSLA (30d/15m)
2026-07-15 16:39:53,854 INFO app.services.tradingview_service - OHLCV df via yfinance: GC=F (30d/15m)
2026-07-15 16:39:53,882 INFO app.services.tradingview_service - OHLCV df via yfinance: AAPL (30d/15m)
2026-07-15 16:39:53,925 INFO app.services.tradingview_service - OHLCV df via yfinance: GBPUSD=X (30d/15m)
2026-07-15 16:39:53,949 INFO app.services.tradingview_service - OHLCV df via yfinance: MSFT (30d/15m)
2026-07-15 16:39:54,034 INFO app.services.tradingview_service - OHLCV df via yfinance: CL=F (30d/15m)
2026-07-15 16:39:54,048 INFO app.services.tradingview_service - OHLCV df via yfinance: NVDA (30d/15m)
2026-07-15 16:39:54,054 INFO app.services.tradingview_service - OHLCV df via yfinance: USDCAD=X (30d/15m)
2026-07-15 16:39:54,103 INFO app.services.tradingview_service - OHLCV df via yfinance: USDJPY=X (30d/15m)
2026-07-15 16:39:54,108 INFO app.services.tradingview_service - OHLCV df via yfinance: EURUSD=X (30d/15m)
2026-07-15 16:39:54,110 INFO app.services.tradingview_service - OHLCV df via yfinance: BZ=F (30d/15m)
2026-07-15 16:39:54,124 INFO app.services.tradingview_service - OHLCV df via yfinance: AUDUSD=X (30d/15m)
2026-07-15 16:39:56,616 INFO app.services.tradingview_service - OHLCV df via yfinance: RELIANCE.NS (30d/15m)
2026-07-15 16:39:56,834 INFO app.services.tradingview_service - OHLCV df via yfinance: TCS.NS (30d/15m)
2026-07-15 16:39:56,898 INFO app.services.tradingview_service - OHLCV df via yfinance: INFY.NS (30d/15m)
2026-07-15 16:39:56,900 INFO app.services.tradingview_service - OHLCV df via yfinance: HDFCBANK.NS (30d/15m)
2026-07-15 16:39:56,901 INFO app.services.tradingview_service - OHLCV df via yfinance: BTC-USD (30d/15m)
2026-07-15 16:39:56,907 INFO app.services.tradingview_service - OHLCV df via yfinance: ETH-USD (30d/15m)
2026-07-15 16:39:57,476 INFO app.services.tradingview_service - OHLCV df via yfinance: RELIANCE.NS (30d/15m)
2026-07-15 16:39:57,598 INFO app.services.tradingview_service - OHLCV df via yfinance: TCS.NS (30d/15m)
2026-07-15 16:39:57,624 INFO app.services.tradingview_service - OHLCV df via yfinance: INFY.NS (30d/15m)
2026-07-15 16:39:57,650 INFO app.services.tradingview_service - OHLCV df via yfinance: GBPUSD=X (30d/15m)
2026-07-15 16:39:57,650 INFO app.services.tradingview_service - OHLCV df via yfinance: USDCAD=X (30d/15m)
2026-07-15 16:39:57,650 INFO app.services.tradingview_service - OHLCV df via yfinance: AUDUSD=X (30d/15m)
2026-07-15 16:39:57,650 INFO app.services.tradingview_service - OHLCV df via yfinance: GC=F (30d/15m)
2026-07-15 16:39:57,652 INFO app.services.tradingview_service - OHLCV df via yfinance: USDJPY=X (30d/15m)
2026-07-15 16:39:57,653 INFO app.services.tradingview_service - OHLCV df via yfinance: EURUSD=X (30d/15m)
2026-07-15 16:39:57,705 INFO app.services.tradingview_service - OHLCV df via yfinance: ETH-USD (30d/15m)
2026-07-15 16:39:57,774 INFO app.services.tradingview_service - OHLCV df via yfinance: BTC-USD (30d/15m)
2026-07-15 16:39:57,778 INFO app.services.tradingview_service - OHLCV df via yfinance: HDFCBANK.NS (30d/15m)
2026-07-15 16:39:58,515 INFO app.services.tradingview_service - OHLCV df via yfinance: CL=F (30d/15m)
2026-07-15 16:39:58,743 INFO app.services.tradingview_service - OHLCV df via yfinance: BZ=F (30d/15m)
2026-07-15 16:39:58,833 INFO app.services.tradingview_service - OHLCV df via yfinance: AAPL (30d/15m)
2026-07-15 16:39:59,028 INFO app.services.tradingview_service - OHLCV df via yfinance: GC=F (30d/15m)
2026-07-15 16:39:59,036 INFO app.services.tradingview_service - OHLCV df via yfinance: MSFT (30d/15m)
2026-07-15 16:39:59,110 INFO app.services.tradingview_service - OHLCV df via yfinance: USDCAD=X (30d/15m)
2026-07-15 16:39:59,143 INFO app.services.tradingview_service - OHLCV df via yfinance: NVDA (30d/15m)
2026-07-15 16:39:59,182 INFO app.services.tradingview_service - OHLCV df via yfinance: TSLA (30d/15m)
2026-07-15 16:39:59,208 INFO app.services.tradingview_service - OHLCV df via yfinance: EURUSD=X (30d/15m)
2026-07-15 16:39:59,242 INFO app.services.tradingview_service - OHLCV df via yfinance: AUDUSD=X (30d/15m)
2026-07-15 16:39:59,250 INFO app.services.tradingview_service - OHLCV df via yfinance: USDJPY=X (30d/15m)
2026-07-15 16:39:59,350 INFO app.services.tradingview_service - OHLCV df via yfinance: GBPUSD=X (30d/15m)
2026-07-15 16:39:59,967 INFO app.services.tradingview_service - OHLCV df via yfinance: CL=F (30d/15m)
2026-07-15 16:40:00,061 INFO app.services.tradingview_service - OHLCV df via yfinance: AAPL (30d/15m)
2026-07-15 16:40:00,181 INFO app.services.tradingview_service - OHLCV df via yfinance: BZ=F (30d/15m)
2026-07-15 16:40:00,316 INFO app.services.tradingview_service - OHLCV df via yfinance: RELIANCE.NS (30d/15m)
2026-07-15 16:40:00,352 INFO app.services.tradingview_service - OHLCV df via yfinance: MSFT (30d/15m)
2026-07-15 16:40:00,489 INFO app.services.tradingview_service - OHLCV df via yfinance: TCS.NS (30d/15m)
2026-07-15 16:40:00,492 INFO app.services.tradingview_service - OHLCV df via yfinance: INFY.NS (30d/15m)
2026-07-15 16:40:00,552 INFO app.services.tradingview_service - OHLCV df via yfinance: TSLA (30d/15m)
2026-07-15 16:40:00,557 INFO app.services.tradingview_service - OHLCV df via yfinance: HDFCBANK.NS (30d/15m)
2026-07-15 16:40:00,606 INFO app.services.tradingview_service - OHLCV df via yfinance: BTC-USD (30d/15m)
2026-07-15 16:40:00,612 INFO app.services.tradingview_service - OHLCV df via yfinance: NVDA (30d/15m)
2026-07-15 16:40:00,790 INFO app.services.tradingview_service - OHLCV df via yfinance: ETH-USD (30d/15m)
2026-07-15 16:40:01,303 INFO app.services.tradingview_service - OHLCV df via yfinance: RELIANCE.NS (30d/15m)
2026-07-15 16:40:01,422 INFO app.services.tradingview_service - OHLCV df via yfinance: TCS.NS (30d/15m)
2026-07-15 16:40:01,508 INFO app.services.tradingview_service - OHLCV df via yfinance: INFY.NS (30d/15m)
2026-07-15 16:40:01,543 INFO app.services.tradingview_service - OHLCV df via yfinance: HDFCBANK.NS (30d/15m)
2026-07-15 16:40:01,662 INFO app.services.tradingview_service - OHLCV df via yfinance: BTC-USD (30d/15m)
2026-07-15 16:40:01,663 INFO app.services.tradingview_service - OHLCV df via yfinance: ETH-USD (30d/15m)
2026-07-15 16:40:02,151 INFO app.services.tradingview_service - OHLCV df via yfinance: EURUSD=X (10d/15m)
2026-07-15 16:40:02,563 INFO app.services.tradingview_service - OHLCV df via yfinance: EURUSD=X (10d/15m)
2026-07-15 16:40:02,654 INFO app.services.tradingview_service - OHLCV df via yfinance: EURUSD=X (60d/60m)
2026-07-15 16:40:02,926 INFO app.services.tradingview_service - TradingView scan: 1 ticker(s) ['FX:EURUSD']
2026-07-15 16:40:03,266 INFO app.services.tradingview_service - OHLCV df via yfinance: EURUSD=X (1y/1d)
2026-07-15 16:40:05,157 INFO app.services.tradingview_service - OHLCV df via yfinance: ^GSPC (2y/1d)
2026-07-15 16:40:05,201 INFO app.services.tradingview_service - OHLCV df via yfinance: EURUSD=X (30d/15m)
2026-07-15 16:40:05,201 INFO app.services.tradingview_service - OHLCV df via yfinance: GBPUSD=X (30d/15m)
2026-07-15 16:40:05,201 INFO app.services.tradingview_service - OHLCV df via yfinance: USDJPY=X (30d/15m)
2026-07-15 16:40:05,201 INFO app.services.tradingview_service - OHLCV df via yfinance: USDCAD=X (30d/15m)
2026-07-15 16:40:05,202 INFO app.services.tradingview_service - OHLCV df via yfinance: GC=F (30d/15m)
2026-07-15 16:40:05,202 INFO app.services.tradingview_service - OHLCV df via yfinance: CL=F (30d/15m)
2026-07-15 16:40:05,202 INFO app.services.tradingview_service - OHLCV df via yfinance: BZ=F (30d/15m)
2026-07-15 16:40:05,202 INFO app.services.tradingview_service - OHLCV df via yfinance: AAPL (30d/15m)
2026-07-15 16:40:05,202 INFO app.services.tradingview_service - OHLCV df via yfinance: MSFT (30d/15m)
2026-07-15 16:40:05,202 INFO app.services.tradingview_service - OHLCV df via yfinance: NVDA (30d/15m)
2026-07-15 16:40:05,202 INFO app.services.tradingview_service - OHLCV df via yfinance: TSLA (30d/15m)
2026-07-15 16:40:05,202 INFO app.services.tradingview_service - OHLCV df via yfinance: RELIANCE.NS (30d/15m)
2026-07-15 16:40:05,697 INFO app.training.dataset_builder - [EURUSD=X] dataset: 260 rows × 47 cols
2026-07-15 16:40:05,913 INFO app.services.tradingview_service - OHLCV df via yfinance: MSFT (30d/15m)
2026-07-15 16:40:06,182 INFO app.services.tradingview_service - OHLCV df via yfinance: NVDA (30d/15m)
2026-07-15 16:40:06,388 INFO app.services.tradingview_service - OHLCV df via yfinance: CL=F (30d/15m)
2026-07-15 16:40:06,408 INFO app.services.tradingview_service - OHLCV df via yfinance: AAPL (30d/15m)
2026-07-15 16:40:06,415 INFO app.services.tradingview_service - OHLCV df via yfinance: USDCAD=X (30d/15m)
2026-07-15 16:40:06,477 INFO app.services.tradingview_service - OHLCV df via yfinance: TSLA (30d/15m)
2026-07-15 16:40:06,507 INFO app.services.tradingview_service - OHLCV df via yfinance: RELIANCE.NS (30d/15m)
2026-07-15 16:40:06,555 INFO app.services.tradingview_service - OHLCV df via yfinance: EURUSD=X (30d/15m)
2026-07-15 16:40:06,606 INFO app.services.tradingview_service - OHLCV df via yfinance: USDJPY=X (30d/15m)
2026-07-15 16:40:06,687 INFO app.services.tradingview_service - OHLCV df via yfinance: GBPUSD=X (30d/15m)
2026-07-15 16:40:06,766 INFO app.services.tradingview_service - OHLCV df via yfinance: BZ=F (30d/15m)
2026-07-15 16:40:06,799 INFO app.services.tradingview_service - OHLCV df via yfinance: GC=F (30d/15m)
2026-07-15 16:40:06,952 INFO app.services.tradingview_service - OHLCV df via yfinance: TCS.NS (30d/15m)
2026-07-15 16:40:07,336 INFO app.services.tradingview_service - OHLCV df via yfinance: INFY.NS (30d/15m)
2026-07-15 16:40:07,559 INFO app.services.tradingview_service - OHLCV df via yfinance: HDFCBANK.NS (30d/15m)
2026-07-15 16:40:07,629 INFO app.services.tradingview_service - OHLCV df via yfinance: BTC-USD (30d/15m)
2026-07-15 16:40:07,649 INFO app.services.tradingview_service - OHLCV df via yfinance: ETH-USD (30d/15m)
2026-07-15 16:40:08,345 INFO app.services.tradingview_service - OHLCV df via yfinance: TCS.NS (30d/15m)
2026-07-15 16:40:08,441 INFO app.services.tradingview_service - OHLCV df via yfinance: INFY.NS (30d/15m)
2026-07-15 16:40:08,539 INFO app.services.tradingview_service - OHLCV df via yfinance: HDFCBANK.NS (30d/15m)
2026-07-15 16:40:08,540 INFO app.services.tradingview_service - OHLCV df via yfinance: BTC-USD (30d/15m)
2026-07-15 16:40:08,626 INFO app.services.tradingview_service - OHLCV df via yfinance: ETH-USD (30d/15m)
2026-07-15 16:40:15,220 INFO app.services.tradingview_service - OHLCV df via yfinance: EURUSD=X (30d/15m)
2026-07-15 16:40:15,220 INFO app.services.tradingview_service - OHLCV df via yfinance: GBPUSD=X (30d/15m)
2026-07-15 16:40:15,220 INFO app.services.tradingview_service - OHLCV df via yfinance: USDJPY=X (30d/15m)
2026-07-15 16:40:15,220 INFO app.services.tradingview_service - OHLCV df via yfinance: USDCAD=X (30d/15m)
2026-07-15 16:40:15,220 INFO app.services.tradingview_service - OHLCV df via yfinance: AUDUSD=X (30d/15m)
2026-07-15 16:40:15,221 INFO app.services.tradingview_service - OHLCV df via yfinance: GC=F (30d/15m)
2026-07-15 16:40:15,221 INFO app.services.tradingview_service - OHLCV df via yfinance: CL=F (30d/15m)
2026-07-15 16:40:15,221 INFO app.services.tradingview_service - OHLCV df via yfinance: BZ=F (30d/15m)
2026-07-15 16:40:15,221 INFO app.services.tradingview_service - OHLCV df via yfinance: AAPL (30d/15m)
2026-07-15 16:40:15,221 INFO app.services.tradingview_service - OHLCV df via yfinance: MSFT (30d/15m)
2026-07-15 16:40:15,221 INFO app.services.tradingview_service - OHLCV df via yfinance: NVDA (30d/15m)
2026-07-15 16:40:15,222 INFO app.services.tradingview_service - OHLCV df via yfinance: TSLA (30d/15m)
2026-07-15 16:40:16,725 INFO app.services.tradingview_service - OHLCV df via yfinance: TSLA (30d/15m)
2026-07-15 16:40:16,827 INFO app.services.tradingview_service - OHLCV df via yfinance: BZ=F (30d/15m)
2026-07-15 16:40:16,892 INFO app.services.tradingview_service - OHLCV df via yfinance: MSFT (30d/15m)
2026-07-15 16:40:16,922 INFO app.services.tradingview_service - OHLCV df via yfinance: AAPL (30d/15m)
2026-07-15 16:40:16,931 INFO app.services.tradingview_service - OHLCV df via yfinance: EURUSD=X (30d/15m)
2026-07-15 16:40:16,997 INFO app.services.tradingview_service - OHLCV df via yfinance: USDJPY=X (30d/15m)
2026-07-15 16:40:17,001 INFO app.services.tradingview_service - OHLCV df via yfinance: GC=F (30d/15m)
2026-07-15 16:40:17,032 INFO app.services.tradingview_service - OHLCV df via yfinance: GBPUSD=X (30d/15m)
2026-07-15 16:40:17,054 INFO app.services.tradingview_service - OHLCV df via yfinance: NVDA (30d/15m)
2026-07-15 16:40:17,067 INFO app.services.tradingview_service - OHLCV df via yfinance: CL=F (30d/15m)
2026-07-15 16:40:17,080 INFO app.services.tradingview_service - OHLCV df via yfinance: AUDUSD=X (30d/15m)
2026-07-15 16:40:17,120 INFO app.services.tradingview_service - OHLCV df via yfinance: USDCAD=X (30d/15m)
2026-07-15 16:40:17,888 INFO app.services.tradingview_service - OHLCV df via yfinance: RELIANCE.NS (30d/15m)
2026-07-15 16:40:17,936 INFO app.services.tradingview_service - OHLCV df via yfinance: TCS.NS (30d/15m)
2026-07-15 16:40:17,982 INFO app.services.tradingview_service - OHLCV df via yfinance: INFY.NS (30d/15m)
2026-07-15 16:40:18,174 INFO app.services.tradingview_service - OHLCV df via yfinance: HDFCBANK.NS (30d/15m)
2026-07-15 16:40:18,181 INFO app.services.tradingview_service - OHLCV df via yfinance: BTC-USD (30d/15m)
2026-07-15 16:40:18,195 INFO app.services.tradingview_service - OHLCV df via yfinance: ETH-USD (30d/15m)
2026-07-15 16:40:19,137 INFO app.services.tradingview_service - OHLCV df via yfinance: TCS.NS (30d/15m)
2026-07-15 16:40:19,151 INFO app.services.tradingview_service - OHLCV df via yfinance: HDFCBANK.NS (30d/15m)
2026-07-15 16:40:19,151 INFO app.services.tradingview_service - OHLCV df via yfinance: RELIANCE.NS (30d/15m)
2026-07-15 16:40:19,154 INFO app.services.tradingview_service - OHLCV df via yfinance: INFY.NS (30d/15m)
2026-07-15 16:40:19,188 INFO app.services.tradingview_service - OHLCV df via yfinance: BTC-USD (30d/15m)
2026-07-15 16:40:19,208 INFO app.services.tradingview_service - OHLCV df via yfinance: ETH-USD (30d/15m)
2026-07-15 16:40:26,007 INFO app.services.tradingview_service - OHLCV df via yfinance: EURUSD=X (30d/15m)
2026-07-15 16:40:26,008 INFO app.services.tradingview_service - OHLCV df via yfinance: GBPUSD=X (30d/15m)
2026-07-15 16:40:26,008 INFO app.services.tradingview_service - OHLCV df via yfinance: USDJPY=X (30d/15m)
2026-07-15 16:40:26,008 INFO app.services.tradingview_service - OHLCV df via yfinance: USDCAD=X (30d/15m)
2026-07-15 16:40:26,009 INFO app.services.tradingview_service - OHLCV df via yfinance: GC=F (30d/15m)
2026-07-15 16:40:26,009 INFO app.services.tradingview_service - OHLCV df via yfinance: RELIANCE.NS (30d/15m)
2026-07-15 16:40:26,009 INFO app.services.tradingview_service - OHLCV df via yfinance: BZ=F (30d/15m)
2026-07-15 16:40:26,009 INFO app.services.tradingview_service - OHLCV df via yfinance: AAPL (30d/15m)
2026-07-15 16:40:26,009 INFO app.services.tradingview_service - OHLCV df via yfinance: MSFT (30d/15m)
2026-07-15 16:40:26,009 INFO app.services.tradingview_service - OHLCV df via yfinance: NVDA (30d/15m)
2026-07-15 16:40:26,009 INFO app.services.tradingview_service - OHLCV df via yfinance: TSLA (30d/15m)
2026-07-15 16:40:26,010 INFO app.services.tradingview_service - OHLCV df via yfinance: CL=F (30d/15m)
2026-07-15 16:40:26,872 INFO app.services.tradingview_service - OHLCV df via yfinance: MSFT (30d/15m)
2026-07-15 16:40:27,197 INFO app.services.tradingview_service - OHLCV df via yfinance: AAPL (30d/15m)
2026-07-15 16:40:27,313 INFO app.services.tradingview_service - OHLCV df via yfinance: NVDA (30d/15m)
2026-07-15 16:40:27,367 INFO app.services.tradingview_service - OHLCV df via yfinance: GC=F (30d/15m)
2026-07-15 16:40:27,395 INFO app.services.tradingview_service - OHLCV df via yfinance: TSLA (30d/15m)
2026-07-15 16:40:27,468 INFO app.services.tradingview_service - OHLCV df via yfinance: RELIANCE.NS (30d/15m)
2026-07-15 16:40:27,487 INFO app.services.tradingview_service - OHLCV df via yfinance: EURUSD=X (30d/15m)
2026-07-15 16:40:27,490 INFO app.services.tradingview_service - OHLCV df via yfinance: USDJPY=X (30d/15m)
2026-07-15 16:40:27,571 INFO app.services.tradingview_service - OHLCV df via yfinance: USDCAD=X (30d/15m)
2026-07-15 16:40:27,574 INFO app.services.tradingview_service - OHLCV df via yfinance: CL=F (30d/15m)
2026-07-15 16:40:27,598 INFO app.services.tradingview_service - OHLCV df via yfinance: BZ=F (30d/15m)
2026-07-15 16:40:27,689 INFO app.services.tradingview_service - OHLCV df via yfinance: GBPUSD=X (30d/15m)
2026-07-15 16:40:27,801 INFO app.services.tradingview_service - OHLCV df via yfinance: TCS.NS (30d/15m)
2026-07-15 16:40:28,169 INFO app.services.tradingview_service - OHLCV df via yfinance: INFY.NS (30d/15m)
2026-07-15 16:40:28,331 INFO app.services.tradingview_service - OHLCV df via yfinance: HDFCBANK.NS (30d/15m)
2026-07-15 16:40:28,457 INFO app.services.tradingview_service - OHLCV df via yfinance: BTC-USD (30d/15m)
2026-07-15 16:40:28,475 INFO app.services.tradingview_service - OHLCV df via yfinance: ETH-USD (30d/15m)
2026-07-15 16:40:29,150 INFO app.services.tradingview_service - OHLCV df via yfinance: TCS.NS (30d/15m)
2026-07-15 16:40:29,197 INFO app.services.tradingview_service - OHLCV df via yfinance: INFY.NS (30d/15m)
2026-07-15 16:40:29,253 INFO app.services.tradingview_service - OHLCV df via yfinance: HDFCBANK.NS (30d/15m)
2026-07-15 16:40:29,314 INFO app.services.tradingview_service - OHLCV df via yfinance: BTC-USD (30d/15m)
2026-07-15 16:40:29,315 INFO app.services.tradingview_service - OHLCV df via yfinance: ETH-USD (30d/15m)
2026-07-15 16:40:35,741 INFO app.services.tradingview_service - OHLCV df via yfinance: EURUSD=X (30d/15m)
2026-07-15 16:40:35,742 INFO app.services.tradingview_service - OHLCV df via yfinance: GBPUSD=X (30d/15m)
2026-07-15 16:40:35,742 INFO app.services.tradingview_service - OHLCV df via yfinance: USDJPY=X (30d/15m)
2026-07-15 16:40:35,742 INFO app.services.tradingview_service - OHLCV df via yfinance: USDCAD=X (30d/15m)
2026-07-15 16:40:35,742 INFO app.services.tradingview_service - OHLCV df via yfinance: AUDUSD=X (30d/15m)
2026-07-15 16:40:35,742 INFO app.services.tradingview_service - OHLCV df via yfinance: GC=F (30d/15m)
2026-07-15 16:40:35,742 INFO app.services.tradingview_service - OHLCV df via yfinance: CL=F (30d/15m)
2026-07-15 16:40:35,743 INFO app.services.tradingview_service - OHLCV df via yfinance: BZ=F (30d/15m)
2026-07-15 16:40:35,743 INFO app.services.tradingview_service - OHLCV df via yfinance: AAPL (30d/15m)
2026-07-15 16:40:35,743 INFO app.services.tradingview_service - OHLCV df via yfinance: MSFT (30d/15m)
2026-07-15 16:40:35,743 INFO app.services.tradingview_service - OHLCV df via yfinance: NVDA (30d/15m)
2026-07-15 16:40:35,743 INFO app.services.tradingview_service - OHLCV df via yfinance: TSLA (30d/15m)
2026-07-15 16:40:36,077 INFO app.services.tradingview_service - OHLCV df via yfinance: EURUSD=X (30d/15m)
2026-07-15 16:40:36,592 INFO app.services.tradingview_service - OHLCV df via yfinance: USDJPY=X (30d/15m)
2026-07-15 16:40:36,874 INFO app.services.tradingview_service - OHLCV df via yfinance: AAPL (30d/15m)
2026-07-15 16:40:36,923 INFO app.services.tradingview_service - OHLCV df via yfinance: MSFT (30d/15m)
2026-07-15 16:40:37,000 INFO app.services.tradingview_service - OHLCV df via yfinance: TSLA (30d/15m)
2026-07-15 16:40:37,095 INFO app.services.tradingview_service - OHLCV df via yfinance: GBPUSD=X (30d/15m)
2026-07-15 16:40:37,098 INFO app.services.tradingview_service - OHLCV df via yfinance: NVDA (30d/15m)
2026-07-15 16:40:37,141 INFO app.services.tradingview_service - OHLCV df via yfinance: GC=F (30d/15m)
2026-07-15 16:40:37,165 INFO app.services.tradingview_service - OHLCV df via yfinance: USDCAD=X (30d/15m)
2026-07-15 16:40:37,187 INFO app.services.tradingview_service - OHLCV df via yfinance: CL=F (30d/15m)
2026-07-15 16:40:37,188 INFO app.services.tradingview_service - OHLCV df via yfinance: AUDUSD=X (30d/15m)
2026-07-15 16:40:37,198 INFO app.services.tradingview_service - OHLCV df via yfinance: BZ=F (30d/15m)
2026-07-15 16:40:37,264 INFO app.services.tradingview_service - OHLCV df via yfinance: RELIANCE.NS (30d/15m)
2026-07-15 16:40:37,901 INFO app.services.tradingview_service - OHLCV df via yfinance: TCS.NS (30d/15m)
2026-07-15 16:40:38,036 INFO app.services.tradingview_service - OHLCV df via yfinance: INFY.NS (30d/15m)
2026-07-15 16:40:38,057 INFO app.services.tradingview_service - OHLCV df via yfinance: HDFCBANK.NS (30d/15m)
2026-07-15 16:40:38,181 INFO app.services.tradingview_service - OHLCV df via yfinance: BTC-USD (30d/15m)
2026-07-15 16:40:38,313 INFO app.services.tradingview_service - OHLCV df via yfinance: ETH-USD (30d/15m)
2026-07-15 16:40:38,674 INFO app.services.tradingview_service - OHLCV df via yfinance: RELIANCE.NS (30d/15m)
2026-07-15 16:40:39,038 INFO app.services.tradingview_service - OHLCV df via yfinance: INFY.NS (30d/15m)
2026-07-15 16:40:39,079 INFO app.services.tradingview_service - OHLCV df via yfinance: TCS.NS (30d/15m)
2026-07-15 16:40:39,142 INFO app.services.tradingview_service - OHLCV df via yfinance: HDFCBANK.NS (30d/15m)
2026-07-15 16:40:39,232 INFO app.services.tradingview_service - OHLCV df via yfinance: ETH-USD (30d/15m)
2026-07-15 16:40:39,292 INFO app.services.tradingview_service - OHLCV df via yfinance: BTC-USD (30d/15m)
2026-07-15 16:40:45,957 INFO app.services.tradingview_service - OHLCV df via yfinance: EURUSD=X (30d/15m)
2026-07-15 16:40:45,958 INFO app.services.tradingview_service - OHLCV df via yfinance: GBPUSD=X (30d/15m)
2026-07-15 16:40:45,958 INFO app.services.tradingview_service - OHLCV df via yfinance: USDJPY=X (30d/15m)
2026-07-15 16:40:45,958 INFO app.services.tradingview_service - OHLCV df via yfinance: USDCAD=X (30d/15m)
2026-07-15 16:40:45,958 INFO app.services.tradingview_service - OHLCV df via yfinance: RELIANCE.NS (30d/15m)
2026-07-15 16:40:45,958 INFO app.services.tradingview_service - OHLCV df via yfinance: BZ=F (30d/15m)
2026-07-15 16:40:45,958 INFO app.services.tradingview_service - OHLCV df via yfinance: MSFT (30d/15m)
2026-07-15 16:40:45,958 INFO app.services.tradingview_service - OHLCV df via yfinance: NVDA (30d/15m)
2026-07-15 16:40:45,958 INFO app.services.tradingview_service - OHLCV df via yfinance: AAPL (30d/15m)
2026-07-15 16:40:45,958 INFO app.services.tradingview_service - OHLCV df via yfinance: TSLA (30d/15m)
2026-07-15 16:40:45,958 INFO app.services.tradingview_service - OHLCV df via yfinance: CL=F (30d/15m)
2026-07-15 16:40:45,959 INFO app.services.tradingview_service - OHLCV df via yfinance: TCS.NS (30d/15m)
2026-07-15 16:40:46,752 INFO app.services.tradingview_service - OHLCV df via yfinance: TCS.NS (30d/15m)
2026-07-15 16:40:46,795 INFO app.services.tradingview_service - OHLCV df via yfinance: AAPL (30d/15m)
2026-07-15 16:40:46,824 INFO app.services.tradingview_service - OHLCV df via yfinance: NVDA (30d/15m)
2026-07-15 16:40:46,905 INFO app.services.tradingview_service - OHLCV df via yfinance: BZ=F (30d/15m)
2026-07-15 16:40:46,990 INFO app.services.tradingview_service - OHLCV df via yfinance: USDCAD=X (30d/15m)
2026-07-15 16:40:47,002 INFO app.services.tradingview_service - OHLCV df via yfinance: EURUSD=X (30d/15m)
2026-07-15 16:40:47,041 INFO app.services.tradingview_service - OHLCV df via yfinance: MSFT (30d/15m)
2026-07-15 16:40:47,046 INFO app.services.tradingview_service - OHLCV df via yfinance: RELIANCE.NS (30d/15m)
2026-07-15 16:40:47,072 INFO app.services.tradingview_service - OHLCV df via yfinance: USDJPY=X (30d/15m)
2026-07-15 16:40:47,094 INFO app.services.tradingview_service - OHLCV df via yfinance: TSLA (30d/15m)
2026-07-15 16:40:47,106 INFO app.services.tradingview_service - OHLCV df via yfinance: CL=F (30d/15m)
2026-07-15 16:40:47,107 INFO app.services.tradingview_service - OHLCV df via yfinance: GBPUSD=X (30d/15m)
2026-07-15 16:40:47,653 INFO app.services.tradingview_service - OHLCV df via yfinance: INFY.NS (30d/15m)
2026-07-15 16:40:47,810 INFO app.services.tradingview_service - OHLCV df via yfinance: HDFCBANK.NS (30d/15m)
2026-07-15 16:40:47,956 INFO app.services.tradingview_service - OHLCV df via yfinance: BTC-USD (30d/15m)
2026-07-15 16:40:48,010 INFO app.services.tradingview_service - OHLCV df via yfinance: ETH-USD (30d/15m)
2026-07-15 16:40:48,218 INFO app.services.tradingview_service - OHLCV df via yfinance: INFY.NS (30d/15m)
2026-07-15 16:40:48,286 INFO app.services.tradingview_service - OHLCV df via yfinance: HDFCBANK.NS (30d/15m)
2026-07-15 16:40:48,444 INFO app.services.tradingview_service - OHLCV df via yfinance: BTC-USD (30d/15m)
2026-07-15 16:40:48,529 INFO app.services.tradingview_service - OHLCV df via yfinance: ETH-USD (30d/15m)
2026-07-15 16:40:53,713 INFO app.services.tradingview_service - TradingView scan: 1 ticker(s) ['NSE:SUZLON']
2026-07-15 16:40:54,850 INFO app.services.tradingview_service - OHLCV df via yfinance: EURUSD=X (30d/15m)
2026-07-15 16:40:54,851 INFO app.services.tradingview_service - OHLCV df via yfinance: GBPUSD=X (30d/15m)
2026-07-15 16:40:54,851 INFO app.services.tradingview_service - OHLCV df via yfinance: USDJPY=X (30d/15m)
2026-07-15 16:40:54,851 INFO app.services.tradingview_service - OHLCV df via yfinance: USDCAD=X (30d/15m)
2026-07-15 16:40:54,851 INFO app.services.tradingview_service - OHLCV df via yfinance: AUDUSD=X (30d/15m)
2026-07-15 16:40:54,851 INFO app.services.tradingview_service - OHLCV df via yfinance: GC=F (30d/15m)
2026-07-15 16:40:54,851 INFO app.services.tradingview_service - OHLCV df via yfinance: CL=F (30d/15m)
2026-07-15 16:40:54,852 INFO app.services.tradingview_service - OHLCV df via yfinance: BZ=F (30d/15m)
2026-07-15 16:40:54,852 INFO app.services.tradingview_service - OHLCV df via yfinance: AAPL (30d/15m)
2026-07-15 16:40:54,852 INFO app.services.tradingview_service - OHLCV df via yfinance: MSFT (30d/15m)
2026-07-15 16:40:54,852 INFO app.services.tradingview_service - OHLCV df via yfinance: NVDA (30d/15m)
2026-07-15 16:40:54,852 INFO app.services.tradingview_service - OHLCV df via yfinance: TSLA (30d/15m)
2026-07-15 16:40:55,054 INFO app.services.tradingview_service - OHLCV df via yfinance: USDJPY=X (30d/15m)
2026-07-15 16:40:55,332 INFO app.services.tradingview_service - OHLCV df via yfinance: AAPL (30d/15m)
2026-07-15 16:40:56,006 INFO app.services.tradingview_service - OHLCV df via yfinance: GBPUSD=X (30d/15m)
2026-07-15 16:40:56,027 INFO app.services.tradingview_service - OHLCV df via yfinance: TSLA (30d/15m)
2026-07-15 16:40:56,045 INFO app.services.tradingview_service - OHLCV df via yfinance: EURUSD=X (30d/15m)
2026-07-15 16:40:56,106 INFO app.services.tradingview_service - OHLCV df via yfinance: RELIANCE.NS (30d/15m)
2026-07-15 16:40:56,118 INFO app.services.tradingview_service - OHLCV df via yfinance: AUDUSD=X (30d/15m)
2026-07-15 16:40:56,170 INFO app.services.tradingview_service - OHLCV df via yfinance: TCS.NS (30d/15m)
2026-07-15 16:40:56,175 INFO app.services.tradingview_service - OHLCV df via yfinance: MSFT (30d/15m)
2026-07-15 16:40:56,183 INFO app.services.tradingview_service - OHLCV df via yfinance: GC=F (30d/15m)
2026-07-15 16:40:56,194 INFO app.services.tradingview_service - OHLCV df via yfinance: USDCAD=X (30d/15m)
2026-07-15 16:40:56,263 INFO app.services.tradingview_service - OHLCV df via yfinance: NVDA (30d/15m)
2026-07-15 16:40:56,278 INFO app.services.tradingview_service - OHLCV df via yfinance: CL=F (30d/15m)
2026-07-15 16:40:56,351 INFO app.services.tradingview_service - OHLCV df via yfinance: BZ=F (30d/15m)
2026-07-15 16:40:57,043 INFO app.services.tradingview_service - OHLCV df via yfinance: INFY.NS (30d/15m)
2026-07-15 16:40:57,124 INFO app.services.tradingview_service - OHLCV df via yfinance: HDFCBANK.NS (30d/15m)
2026-07-15 16:40:57,252 INFO app.services.tradingview_service - OHLCV df via yfinance: BTC-USD (30d/15m)
2026-07-15 16:40:57,256 INFO app.services.tradingview_service - OHLCV df via yfinance: ETH-USD (30d/15m)
2026-07-15 16:40:57,376 INFO app.services.tradingview_service - OHLCV df via yfinance: RELIANCE.NS (30d/15m)
2026-07-15 16:40:57,596 INFO app.services.tradingview_service - OHLCV df via yfinance: TCS.NS (30d/15m)
2026-07-15 16:40:58,018 INFO app.services.tradingview_service - OHLCV df via yfinance: HDFCBANK.NS (30d/15m)
2026-07-15 16:40:58,037 INFO app.services.tradingview_service - OHLCV df via yfinance: INFY.NS (30d/15m)
2026-07-15 16:40:58,196 INFO app.services.tradingview_service - OHLCV df via yfinance: ETH-USD (30d/15m)
2026-07-15 16:40:58,238 INFO app.services.tradingview_service - OHLCV df via yfinance: BTC-USD (30d/15m)
2026-07-15 16:41:04,597 INFO app.services.tradingview_service - OHLCV df via yfinance: EURUSD=X (30d/15m)
2026-07-15 16:41:04,597 INFO app.services.tradingview_service - OHLCV df via yfinance: GBPUSD=X (30d/15m)
2026-07-15 16:41:04,597 INFO app.services.tradingview_service - OHLCV df via yfinance: USDJPY=X (30d/15m)
2026-07-15 16:41:04,597 INFO app.services.tradingview_service - OHLCV df via yfinance: USDCAD=X (30d/15m)
2026-07-15 16:41:04,598 INFO app.services.tradingview_service - OHLCV df via yfinance: CL=F (30d/15m)
2026-07-15 16:41:04,598 INFO app.services.tradingview_service - OHLCV df via yfinance: BZ=F (30d/15m)
2026-07-15 16:41:04,598 INFO app.services.tradingview_service - OHLCV df via yfinance: AAPL (30d/15m)
2026-07-15 16:41:04,599 INFO app.services.tradingview_service - OHLCV df via yfinance: RELIANCE.NS (30d/15m)
2026-07-15 16:41:04,599 INFO app.services.tradingview_service - OHLCV df via yfinance: MSFT (30d/15m)
2026-07-15 16:41:04,599 INFO app.services.tradingview_service - OHLCV df via yfinance: NVDA (30d/15m)
2026-07-15 16:41:04,599 INFO app.services.tradingview_service - OHLCV df via yfinance: TSLA (30d/15m)
2026-07-15 16:41:04,599 INFO app.services.tradingview_service - OHLCV df via yfinance: TCS.NS (30d/15m)
2026-07-15 16:41:04,838 INFO app.services.tradingview_service - OHLCV df via yfinance: GBPUSD=X (30d/15m)
2026-07-15 16:41:05,608 INFO app.services.tradingview_service - OHLCV df via yfinance: RELIANCE.NS (30d/15m)
2026-07-15 16:41:05,724 INFO app.services.tradingview_service - OHLCV df via yfinance: TSLA (30d/15m)
2026-07-15 16:41:05,782 INFO app.services.tradingview_service - OHLCV df via yfinance: NVDA (30d/15m)
2026-07-15 16:41:05,848 INFO app.services.tradingview_service - OHLCV df via yfinance: MSFT (30d/15m)
2026-07-15 16:41:05,923 INFO app.services.tradingview_service - OHLCV df via yfinance: AAPL (30d/15m)
2026-07-15 16:41:05,932 INFO app.services.tradingview_service - OHLCV df via yfinance: CL=F (30d/15m)
2026-07-15 16:41:05,962 INFO app.services.tradingview_service - OHLCV df via yfinance: TCS.NS (30d/15m)
2026-07-15 16:41:06,052 INFO app.services.tradingview_service - OHLCV df via yfinance: BZ=F (30d/15m)
2026-07-15 16:41:06,067 INFO app.services.tradingview_service - OHLCV df via yfinance: EURUSD=X (30d/15m)
2026-07-15 16:41:06,084 INFO app.services.tradingview_service - OHLCV df via yfinance: USDJPY=X (30d/15m)
2026-07-15 16:41:06,211 INFO app.services.tradingview_service - OHLCV df via yfinance: USDCAD=X (30d/15m)
2026-07-15 16:41:06,299 INFO app.services.tradingview_service - OHLCV df via yfinance: INFY.NS (30d/15m)
2026-07-15 16:41:06,641 INFO app.services.tradingview_service - OHLCV df via yfinance: HDFCBANK.NS (30d/15m)
2026-07-15 16:41:06,663 INFO app.services.tradingview_service - OHLCV df via yfinance: BTC-USD (30d/15m)
2026-07-15 16:41:06,943 INFO app.services.tradingview_service - OHLCV df via yfinance: ETH-USD (30d/15m)
2026-07-15 16:41:07,260 INFO app.services.tradingview_service - OHLCV df via yfinance: INFY.NS (30d/15m)
2026-07-15 16:41:07,475 INFO app.services.tradingview_service - OHLCV df via yfinance: HDFCBANK.NS (30d/15m)
2026-07-15 16:41:07,514 INFO app.services.tradingview_service - OHLCV df via yfinance: BTC-USD (30d/15m)
2026-07-15 16:41:07,588 INFO app.services.tradingview_service - OHLCV df via yfinance: ETH-USD (30d/15m)
2026-07-15 16:41:13,834 INFO app.services.tradingview_service - OHLCV df via yfinance: EURUSD=X (30d/15m)
2026-07-15 16:41:13,835 INFO app.services.tradingview_service - OHLCV df via yfinance: GBPUSD=X (30d/15m)
2026-07-15 16:41:13,835 INFO app.services.tradingview_service - OHLCV df via yfinance: USDJPY=X (30d/15m)
2026-07-15 16:41:13,835 INFO app.services.tradingview_service - OHLCV df via yfinance: USDCAD=X (30d/15m)
2026-07-15 16:41:13,835 INFO app.services.tradingview_service - OHLCV df via yfinance: AUDUSD=X (30d/15m)
2026-07-15 16:41:13,835 INFO app.services.tradingview_service - OHLCV df via yfinance: GC=F (30d/15m)
2026-07-15 16:41:13,835 INFO app.services.tradingview_service - OHLCV df via yfinance: CL=F (30d/15m)
2026-07-15 16:41:13,835 INFO app.services.tradingview_service - OHLCV df via yfinance: BZ=F (30d/15m)
2026-07-15 16:41:13,835 INFO app.services.tradingview_service - OHLCV df via yfinance: AAPL (30d/15m)
2026-07-15 16:41:13,835 INFO app.services.tradingview_service - OHLCV df via yfinance: MSFT (30d/15m)
2026-07-15 16:41:13,835 INFO app.services.tradingview_service - OHLCV df via yfinance: NVDA (30d/15m)
2026-07-15 16:41:13,836 INFO app.services.tradingview_service - OHLCV df via yfinance: TSLA (30d/15m)
2026-07-15 16:41:14,337 INFO app.services.tradingview_service - OHLCV df via yfinance: TSLA (30d/15m)
2026-07-15 16:41:14,404 INFO app.services.tradingview_service - OHLCV df via yfinance: NVDA (30d/15m)
2026-07-15 16:41:14,886 INFO app.services.tradingview_service - OHLCV df via yfinance: AAPL (30d/15m)
2026-07-15 16:41:14,953 INFO app.services.tradingview_service - OHLCV df via yfinance: MSFT (30d/15m)
2026-07-15 16:41:15,162 INFO app.services.tradingview_service - OHLCV df via yfinance: EURUSD=X (30d/15m)
2026-07-15 16:41:15,178 INFO app.services.tradingview_service - OHLCV df via yfinance: BZ=F (30d/15m)
2026-07-15 16:41:15,216 INFO app.services.tradingview_service - OHLCV df via yfinance: AUDUSD=X (30d/15m)
2026-07-15 16:41:15,222 INFO app.services.tradingview_service - OHLCV df via yfinance: CL=F (30d/15m)
2026-07-15 16:41:15,269 INFO app.services.tradingview_service - OHLCV df via yfinance: USDJPY=X (30d/15m)
2026-07-15 16:41:15,311 INFO app.services.tradingview_service - OHLCV df via yfinance: GC=F (30d/15m)
2026-07-15 16:41:15,325 INFO app.services.tradingview_service - OHLCV df via yfinance: USDCAD=X (30d/15m)
2026-07-15 16:41:15,333 INFO app.services.tradingview_service - OHLCV df via yfinance: RELIANCE.NS (30d/15m)
2026-07-15 16:41:15,349 INFO app.services.tradingview_service - OHLCV df via yfinance: GBPUSD=X (30d/15m)
2026-07-15 16:41:15,562 INFO app.services.tradingview_service - OHLCV df via yfinance: TCS.NS (30d/15m)
2026-07-15 16:41:15,788 INFO app.services.tradingview_service - OHLCV df via yfinance: INFY.NS (30d/15m)
2026-07-15 16:41:15,848 INFO app.services.tradingview_service - OHLCV df via yfinance: HDFCBANK.NS (30d/15m)
2026-07-15 16:41:16,318 INFO app.services.tradingview_service - OHLCV df via yfinance: BTC-USD (30d/15m)
2026-07-15 16:41:16,414 INFO app.services.tradingview_service - OHLCV df via yfinance: ETH-USD (30d/15m)
2026-07-15 16:41:16,544 INFO app.services.tradingview_service - OHLCV df via yfinance: RELIANCE.NS (30d/15m)
2026-07-15 16:41:16,663 INFO app.services.tradingview_service - OHLCV df via yfinance: TCS.NS (30d/15m)
2026-07-15 16:41:16,778 INFO app.services.tradingview_service - OHLCV df via yfinance: INFY.NS (30d/15m)
2026-07-15 16:41:16,804 INFO app.services.tradingview_service - OHLCV df via yfinance: HDFCBANK.NS (30d/15m)
2026-07-15 16:41:17,050 INFO app.services.tradingview_service - OHLCV df via yfinance: BTC-USD (30d/15m)
2026-07-15 16:41:17,130 INFO app.services.tradingview_service - OHLCV df via yfinance: ETH-USD (30d/15m)
2026-07-15 16:41:23,469 INFO app.services.tradingview_service - OHLCV df via yfinance: EURUSD=X (30d/15m)
2026-07-15 16:41:23,469 INFO app.services.tradingview_service - OHLCV df via yfinance: GBPUSD=X (30d/15m)
2026-07-15 16:41:23,469 INFO app.services.tradingview_service - OHLCV df via yfinance: USDJPY=X (30d/15m)
2026-07-15 16:41:23,470 INFO app.services.tradingview_service - OHLCV df via yfinance: USDCAD=X (30d/15m)
2026-07-15 16:41:23,470 INFO app.services.tradingview_service - OHLCV df via yfinance: AUDUSD=X (30d/15m)
2026-07-15 16:41:23,470 INFO app.services.tradingview_service - OHLCV df via yfinance: CL=F (30d/15m)
2026-07-15 16:41:23,470 INFO app.services.tradingview_service - OHLCV df via yfinance: BZ=F (30d/15m)
2026-07-15 16:41:23,470 INFO app.services.tradingview_service - OHLCV df via yfinance: AAPL (30d/15m)
2026-07-15 16:41:23,470 INFO app.services.tradingview_service - OHLCV df via yfinance: MSFT (30d/15m)
2026-07-15 16:41:23,470 INFO app.services.tradingview_service - OHLCV df via yfinance: NVDA (30d/15m)
2026-07-15 16:41:23,471 INFO app.services.tradingview_service - OHLCV df via yfinance: TSLA (30d/15m)
2026-07-15 16:41:23,472 INFO app.services.tradingview_service - OHLCV df via yfinance: RELIANCE.NS (30d/15m)
2026-07-15 16:41:24,516 INFO app.services.tradingview_service - OHLCV df via yfinance: AAPL (30d/15m)
2026-07-15 16:41:24,564 INFO app.services.tradingview_service - OHLCV df via yfinance: EURUSD=X (30d/15m)
2026-07-15 16:41:24,604 INFO app.services.tradingview_service - OHLCV df via yfinance: MSFT (30d/15m)
2026-07-15 16:41:24,640 INFO app.services.tradingview_service - OHLCV df via yfinance: AUDUSD=X (30d/15m)
2026-07-15 16:41:24,667 INFO app.services.tradingview_service - OHLCV df via yfinance: CL=F (30d/15m)
2026-07-15 16:41:24,667 INFO app.services.tradingview_service - OHLCV df via yfinance: RELIANCE.NS (30d/15m)
2026-07-15 16:41:24,702 INFO app.services.tradingview_service - OHLCV df via yfinance: TSLA (30d/15m)
2026-07-15 16:41:24,707 INFO app.services.tradingview_service - OHLCV df via yfinance: NVDA (30d/15m)
2026-07-15 16:41:24,817 INFO app.services.tradingview_service - OHLCV df via yfinance: GBPUSD=X (30d/15m)
2026-07-15 16:41:24,836 INFO app.services.tradingview_service - OHLCV df via yfinance: BZ=F (30d/15m)
2026-07-15 16:41:24,943 INFO app.services.tradingview_service - OHLCV df via yfinance: USDJPY=X (30d/15m)
2026-07-15 16:41:24,981 INFO app.services.tradingview_service - OHLCV df via yfinance: USDCAD=X (30d/15m)
2026-07-15 16:41:25,539 INFO app.services.tradingview_service - OHLCV df via yfinance: TCS.NS (30d/15m)
2026-07-15 16:41:25,555 INFO app.services.tradingview_service - OHLCV df via yfinance: INFY.NS (30d/15m)
2026-07-15 16:41:25,711 INFO app.services.tradingview_service - OHLCV df via yfinance: HDFCBANK.NS (30d/15m)
2026-07-15 16:41:25,754 INFO app.services.tradingview_service - OHLCV df via yfinance: BTC-USD (30d/15m)
2026-07-15 16:41:25,824 INFO app.services.tradingview_service - OHLCV df via yfinance: ETH-USD (30d/15m)
2026-07-15 16:41:26,406 INFO app.services.tradingview_service - OHLCV df via yfinance: TCS.NS (30d/15m)
2026-07-15 16:41:26,463 INFO app.services.tradingview_service - OHLCV df via yfinance: INFY.NS (30d/15m)
2026-07-15 16:41:26,553 INFO app.services.tradingview_service - OHLCV df via yfinance: HDFCBANK.NS (30d/15m)
2026-07-15 16:41:26,617 INFO app.services.tradingview_service - OHLCV df via yfinance: ETH-USD (30d/15m)
2026-07-15 16:41:26,661 INFO app.services.tradingview_service - OHLCV df via yfinance: BTC-USD (30d/15m)
2026-07-15 16:41:33,079 INFO app.services.tradingview_service - OHLCV df via yfinance: EURUSD=X (30d/15m)
2026-07-15 16:41:33,079 INFO app.services.tradingview_service - OHLCV df via yfinance: GBPUSD=X (30d/15m)
2026-07-15 16:41:33,079 INFO app.services.tradingview_service - OHLCV df via yfinance: USDJPY=X (30d/15m)
2026-07-15 16:41:33,079 INFO app.services.tradingview_service - OHLCV df via yfinance: USDCAD=X (30d/15m)
2026-07-15 16:41:33,079 INFO app.services.tradingview_service - OHLCV df via yfinance: AUDUSD=X (30d/15m)
2026-07-15 16:41:33,080 INFO app.services.tradingview_service - OHLCV df via yfinance: GC=F (30d/15m)
2026-07-15 16:41:33,080 INFO app.services.tradingview_service - OHLCV df via yfinance: CL=F (30d/15m)
2026-07-15 16:41:33,080 INFO app.services.tradingview_service - OHLCV df via yfinance: BZ=F (30d/15m)
2026-07-15 16:41:33,080 INFO app.services.tradingview_service - OHLCV df via yfinance: AAPL (30d/15m)
2026-07-15 16:41:33,080 INFO app.services.tradingview_service - OHLCV df via yfinance: MSFT (30d/15m)
2026-07-15 16:41:33,080 INFO app.services.tradingview_service - OHLCV df via yfinance: NVDA (30d/15m)
2026-07-15 16:41:33,080 INFO app.services.tradingview_service - OHLCV df via yfinance: TSLA (30d/15m)
2026-07-15 16:41:33,481 INFO app.services.tradingview_service - OHLCV df via yfinance: AAPL (30d/15m)
2026-07-15 16:41:34,035 INFO app.services.tradingview_service - OHLCV df via yfinance: CL=F (30d/15m)
2026-07-15 16:41:34,045 INFO app.services.tradingview_service - OHLCV df via yfinance: NVDA (30d/15m)
2026-07-15 16:41:34,317 INFO app.services.tradingview_service - OHLCV df via yfinance: TSLA (30d/15m)
2026-07-15 16:41:34,404 INFO app.services.tradingview_service - OHLCV df via yfinance: EURUSD=X (30d/15m)
2026-07-15 16:41:34,418 INFO app.services.tradingview_service - OHLCV df via yfinance: MSFT (30d/15m)
2026-07-15 16:41:34,497 INFO app.services.tradingview_service - OHLCV df via yfinance: USDJPY=X (30d/15m)
2026-07-15 16:41:34,512 INFO app.services.tradingview_service - OHLCV df via yfinance: AUDUSD=X (30d/15m)
2026-07-15 16:41:34,545 INFO app.services.tradingview_service - OHLCV df via yfinance: USDCAD=X (30d/15m)
2026-07-15 16:41:34,570 INFO app.services.tradingview_service - OHLCV df via yfinance: RELIANCE.NS (30d/15m)
2026-07-15 16:41:34,575 INFO app.services.tradingview_service - OHLCV df via yfinance: GBPUSD=X (30d/15m)
2026-07-15 16:41:34,576 INFO app.services.tradingview_service - OHLCV df via yfinance: GC=F (30d/15m)
2026-07-15 16:41:34,666 INFO app.services.tradingview_service - OHLCV df via yfinance: BZ=F (30d/15m)
2026-07-15 16:41:35,254 INFO app.services.tradingview_service - OHLCV df via yfinance: TCS.NS (30d/15m)
2026-07-15 16:41:35,266 INFO app.services.tradingview_service - OHLCV df via yfinance: INFY.NS (30d/15m)
2026-07-15 16:41:35,402 INFO app.services.tradingview_service - OHLCV df via yfinance: HDFCBANK.NS (30d/15m)
2026-07-15 16:41:35,512 INFO app.services.tradingview_service - OHLCV df via yfinance: BTC-USD (30d/15m)
2026-07-15 16:41:35,546 INFO app.services.tradingview_service - OHLCV df via yfinance: ETH-USD (30d/15m)
2026-07-15 16:41:35,753 INFO app.services.tradingview_service - OHLCV df via yfinance: RELIANCE.NS (30d/15m)
2026-07-15 16:41:36,244 INFO app.services.tradingview_service - OHLCV df via yfinance: INFY.NS (30d/15m)
2026-07-15 16:41:36,263 INFO app.services.tradingview_service - OHLCV df via yfinance: TCS.NS (30d/15m)
2026-07-15 16:41:36,269 INFO app.services.tradingview_service - OHLCV df via yfinance: HDFCBANK.NS (30d/15m)
2026-07-15 16:41:36,322 INFO app.services.tradingview_service - OHLCV df via yfinance: ETH-USD (30d/15m)
2026-07-15 16:41:36,407 INFO app.services.tradingview_service - OHLCV df via yfinance: BTC-USD (30d/15m)
