\u26a0 INSECURE CONFIG (dev only): ADMIN_PASSWORD is still the insecure default — set it via env/.env
\u26a0 INSECURE CONFIG (dev only): ADMIN_API_KEY is still the insecure default — set it via env/.env
\u26a0 INSECURE CONFIG (dev only): SECRET_KEY looks like a dev/placeholder value — generate one with `openssl rand -hex 32`
\u26a0 INSECURE CONFIG (dev only): DEBUG must be False in production
Traceback (most recent call last):
  File "<frozen runpy>", line 198, in _run_module_as_main
  File "<frozen runpy>", line 88, in _run_code
  File "C:\Users\aksha\Downloads\FinSight\backend\venv\Lib\site-packages\uvicorn\__main__.py", line 4, in <module>
    uvicorn.main()
    ~~~~~~~~~~~~^^
  File "C:\Users\aksha\Downloads\FinSight\backend\venv\Lib\site-packages\click\core.py", line 1524, in __call__
    return self.main(*args, **kwargs)
           ~~~~~~~~~^^^^^^^^^^^^^^^^^
  File "C:\Users\aksha\Downloads\FinSight\backend\venv\Lib\site-packages\click\core.py", line 1445, in main
    rv = self.invoke(ctx)
  File "C:\Users\aksha\Downloads\FinSight\backend\venv\Lib\site-packages\click\core.py", line 1308, in invoke
    return ctx.invoke(self.callback, **ctx.params)
           ~~~~~~~~~~^^^^^^^^^^^^^^^^^^^^^^^^^^^^^
  File "C:\Users\aksha\Downloads\FinSight\backend\venv\Lib\site-packages\click\core.py", line 877, in invoke
    return callback(*args, **kwargs)
  File "C:\Users\aksha\Downloads\FinSight\backend\venv\Lib\site-packages\uvicorn\main.py", line 441, in main
    run(
    ~~~^
        app,
        ^^^^
    ...<48 lines>...
        reset_contextvars=reset_contextvars,
        ^^^^^^^^^^^^^^^^^^^^^^^^^^^^^^^^^^^^
    )
    ^
  File "C:\Users\aksha\Downloads\FinSight\backend\venv\Lib\site-packages\uvicorn\main.py", line 609, in run
    config.load_app()
    ~~~~~~~~~~~~~~~^^
  File "C:\Users\aksha\Downloads\FinSight\backend\venv\Lib\site-packages\uvicorn\config.py", line 415, in load_app
    return import_from_string(self.app)
  File "C:\Users\aksha\Downloads\FinSight\backend\venv\Lib\site-packages\uvicorn\importer.py", line 22, in import_from_string
    raise exc from None
  File "C:\Users\aksha\Downloads\FinSight\backend\venv\Lib\site-packages\uvicorn\importer.py", line 19, in import_from_string
    module = importlib.import_module(module_str)
  File "C:\Users\aksha\AppData\Local\Programs\Python\Python313\Lib\importlib\__init__.py", line 88, in import_module
    return _bootstrap._gcd_import(name[level:], package, level)
           ~~~~~~~~~~~~~~~~~~~~~~^^^^^^^^^^^^^^^^^^^^^^^^^^^^^^
  File "<frozen importlib._bootstrap>", line 1387, in _gcd_import
  File "<frozen importlib._bootstrap>", line 1360, in _find_and_load
  File "<frozen importlib._bootstrap>", line 1331, in _find_and_load_unlocked
  File "<frozen importlib._bootstrap>", line 935, in _load_unlocked
  File "<frozen importlib._bootstrap_external>", line 1023, in exec_module
  File "<frozen importlib._bootstrap>", line 488, in _call_with_frames_removed
  File "C:\Users\aksha\Downloads\FinSight\backend\app\main.py", line 19, in <module>
    from app.api import (
    ...<2 lines>...
    )
  File "C:\Users\aksha\Downloads\FinSight\backend\app\api\portfolio_new.py", line 12, in <module>
    from app.security import get_current_user
  File "C:\Users\aksha\Downloads\FinSight\backend\app\security.py", line 23, in <module>
    from app.users import store as user_store
  File "C:\Users\aksha\Downloads\FinSight\backend\app\users\store.py", line 15, in <module>
    from app.db.mongo import col
  File "C:\Users\aksha\Downloads\FinSight\backend\app\db\mongo.py", line 26, in <module>
    from pymongo import MongoClient
ModuleNotFoundError: No module named 'pymongo'
