
> finsight-frontend@1.0.0 dev
> vite


  [32m[1mVITE[22m v5.4.21[39m  [2mready in [0m[1m1809[22m[2m[0m ms[22m

  [32m➜[39m  [1mLocal[22m:   [36mhttp://localhost:[1m3000[22m/[39m
[2m  [32m➜[39m  [1mNetwork[22m[2m: use [22m[1m--host[22m[2m to expose[22m
[2m15:47:12[22m [36m[1m[vite][22m[39m [32mhmr update [39m[2m/src/pages/Dashboard.tsx, /src/index.css[22m
[2m15:47:12[22m [36m[1m[vite][22m[39m [32mhmr update [39m[2m/src/pages/Dashboard.tsx, /src/index.css[22m
[2m18:00:17[22m [36m[1m[vite][22m[39m [32mpage reload [39m[2mindex.html[22m
[2m18:00:17[22m [36m[1m[vite][22m[39m [32mpage reload [39m[2mindex.html[22m
[2m18:00:36[22m [36m[1m[vite][22m[39m [32mhmr update [39m[2m/src/index.css[22m
[2m18:01:20[22m [36m[1m[vite][22m[39m [32mhmr update [39m[2m/src/App.tsx, /src/index.css[22m
[2m18:01:20[22m [36m[1m[vite][22m[39m [33mhmr invalidate [39m[2m/src/App.tsx[22m Could not Fast Refresh (export removed)
[2m18:01:20[22m [36m[1m[vite][22m[39m [32mpage reload [39m[2msrc/App.tsx[22m
[2m18:02:37[22m [36m[1m[vite][22m[39m [32mhmr update [39m[2m/src/App.tsx, /src/index.css[22m
[2m18:03:46[22m [36m[1m[vite][22m[39m [32mhmr update [39m[2m/src/App.tsx, /src/index.css[22m
[2m18:04:25[22m [36m[1m[vite][22m[39m [32mhmr update [39m[2m/src/App.tsx, /src/index.css[22m
[2m18:04:51[22m [36m[1m[vite][22m[39m [32mhmr update [39m[2m/src/App.tsx, /src/index.css[22m
[2m18:06:45[22m [36m[1m[vite][22m[39m [32mhmr update [39m[2m/src/App.tsx, /src/index.css[22m
[2m18:07:17[22m [36m[1m[vite][22m[39m [32mhmr update [39m[2m/src/pages/Dashboard.tsx, /src/index.css[22m
[2m18:07:27[22m [36m[1m[vite][22m[39m [32mhmr update [39m[2m/src/pages/Dashboard.tsx, /src/index.css[22m
[2m18:07:39[22m [36m[1m[vite][22m[39m [32mhmr update [39m[2m/src/pages/Dashboard.tsx, /src/index.css[22m
[2m18:07:50[22m [36m[1m[vite][22m[39m [32mhmr update [39m[2m/src/pages/Dashboard.tsx, /src/index.css[22m
[2m18:08:01[22m [36m[1m[vite][22m[39m [32mhmr update [39m[2m/src/pages/Dashboard.tsx, /src/index.css[22m
[2m18:08:16[22m [36m[1m[vite][22m[39m [32mhmr update [39m[2m/src/pages/Predictions.tsx, /src/index.css[22m
[2m18:08:26[22m [36m[1m[vite][22m[39m [32mhmr update [39m[2m/src/pages/Portfolio.tsx, /src/index.css[22m
[2m18:08:39[22m [36m[1m[vite][22m[39m [32mhmr update [39m[2m/src/pages/News.tsx, /src/index.css[22m
[2m18:08:51[22m [36m[1m[vite][22m[39m [32mhmr update [39m[2m/src/pages/StockDetails.tsx, /src/index.css[22m
[2m18:09:03[22m [36m[1m[vite][22m[39m [32mhmr update [39m[2m/src/pages/Backtesting.tsx, /src/index.css[22m
[2m18:09:15[22m [36m[1m[vite][22m[39m [32mhmr update [39m[2m/src/pages/Admin.tsx, /src/index.css[22m
[2m18:20:23[22m [36m[1m[vite][22m[39m [32mhmr update [39m[2m/src/components/SearchBar.tsx, /src/index.css[22m
[2m18:20:39[22m [36m[1m[vite][22m[39m [32mhmr update [39m[2m/src/components/SearchBar.tsx, /src/index.css[22m
[2m18:20:53[22m [36m[1m[vite][22m[39m [32mhmr update [39m[2m/src/App.tsx, /src/index.css[22m
[2m18:21:10[22m [36m[1m[vite][22m[39m [32mhmr update [39m[2m/src/App.tsx, /src/index.css[22m
[2m18:22:46[22m [36m[1m[vite][22m[39m [32mhmr update [39m[2m/src/index.css[22m
[2m18:27:01[22m [36m[1m[vite][22m[39m [32mhmr update [39m[2m/src/App.tsx, /src/index.css[22m
