[2m21:17:15[22m [31m[1m[vite][22m[39m [31mInternal server error: Duplicate declaration "Navigate"
[0m [90m 168 |[31m }
 [90m 169 |[31m
[31m[1m>[22m[31m[90m 170 |[31m [36mfunction[31m [33mNavigate[31m({ to[33m,[31m replace }[33m:[31m { to[33m:[31m string[33m;[31m replace[33m?[31m[33m:[31m boolean }) {
 [90m     |[31m          [31m[1m^[22m[31m[31m[1m^[22m[31m[31m[1m^[22m[31m[31m[1m^[22m[31m[31m[1m^[22m[31m[31m[1m^[22m[31m[31m[1m^[22m[31m[31m[1m^[22m[31m
 [90m 171 |[31m   [36mreturn[31m [33m<[31m[33mNavigate[31m to[33m=[31m{to} replace[33m=[31m{replace} [33m/[31m[33m>[31m
 [90m 172 |[31m }[0m[39m
  Plugin: [35mvite:react-babel[39m
  File: [36mC:/Users/aksha/Downloads/FinSight/frontend/src/App.tsx[39m
      at File.buildCodeFrameError (C:\Users\aksha\Downloads\FinSight\frontend\node_modules\@babel\core\lib\transformation\file\file.js:189:12)
      at Scope.checkBlockScopedCollisions (C:\Users\aksha\Downloads\FinSight\frontend\node_modules\@babel\traverse\lib\scope\index.js:433:27)
      at Scope.registerBinding (C:\Users\aksha\Downloads\FinSight\frontend\node_modules\@babel\traverse\lib\scope\index.js:530:16)
      at Scope.registerDeclaration (C:\Users\aksha\Downloads\FinSight\frontend\node_modules\@babel\traverse\lib\scope\index.js:475:12)
      at Object.BlockScoped (C:\Users\aksha\Downloads\FinSight\frontend\node_modules\@babel\traverse\lib\scope\index.js:276:12)
      at Object.newFn (C:\Users\aksha\Downloads\FinSight\frontend\node_modules\@babel\traverse\lib\visitors.js:203:17)
      at NodePath._call (C:\Users\aksha\Downloads\FinSight\frontend\node_modules\@babel\traverse\lib\path\context.js:50:20)
      at NodePath.call (C:\Users\aksha\Downloads\FinSight\frontend\node_modules\@babel\traverse\lib\path\context.js:40:18)
      at NodePath.visit (C:\Users\aksha\Downloads\FinSight\frontend\node_modules\@babel\traverse\lib\path\context.js:87:31)
      at TraversalContext.visitQueue (C:\Users\aksha\Downloads\FinSight\frontend\node_modules\@babel\traverse\lib\context.js:96:16)
      at TraversalContext.visitMultiple (C:\Users\aksha\Downloads\FinSight\frontend\node_modules\@babel\traverse\lib\context.js:68:17)
      at TraversalContext.visit (C:\Users\aksha\Downloads\FinSight\frontend\node_modules\@babel\traverse\lib\context.js:117:19)
      at traverseNode (C:\Users\aksha\Downloads\FinSight\frontend\node_modules\@babel\traverse\lib\traverse-node.js:130:17)
      at traverse (C:\Users\aksha\Downloads\FinSight\frontend\node_modules\@babel\traverse\lib\index.js:53:34)
      at NodePath.traverse (C:\Users\aksha\Downloads\FinSight\frontend\node_modules\@babel\traverse\lib\path\index.js:120:24)
      at Scope.crawl (C:\Users\aksha\Downloads\FinSight\frontend\node_modules\@babel\traverse\lib\scope\index.js:695:10)
      at Scope.init (C:\Users\aksha\Downloads\FinSight\frontend\node_modules\@babel\traverse\lib\scope\index.js:661:12)
      at NodePath.setScope (C:\Users\aksha\Downloads\FinSight\frontend\node_modules\@babel\traverse\lib\path\context.js:139:55)
      at NodePath.setContext (C:\Users\aksha\Downloads\FinSight\frontend\node_modules\@babel\traverse\lib\path\context.js:151:12)
      at new File (C:\Users\aksha\Downloads\FinSight\frontend\node_modules\@babel\core\lib\transformation\file\file.js:80:8)
      at normalizeFile (C:\Users\aksha\Downloads\FinSight\frontend\node_modules\@babel\core\lib\transformation\normalize-file.js:82:10)
      at normalizeFile.next (<anonymous>)
      at run (C:\Users\aksha\Downloads\FinSight\frontend\node_modules\@babel\core\lib\transformation\index.js:22:50)
      at run.next (<anonymous>)
      at transform (C:\Users\aksha\Downloads\FinSight\frontend\node_modules\@babel\core\lib\transform.js:22:33)
      at transform.next (<anonymous>)
      at step (C:\Users\aksha\Downloads\FinSight\frontend\node_modules\gensync\index.js:261:32)
      at C:\Users\aksha\Downloads\FinSight\frontend\node_modules\gensync\index.js:273:13
      at async.call.result.err.err (C:\Users\aksha\Downloads\FinSight\frontend\node_modules\gensync\index.js:223:11)
      at C:\Users\aksha\Downloads\FinSight\frontend\node_modules\gensync\index.js:189:28
      at C:\Users\aksha\Downloads\FinSight\frontend\node_modules\@babel\core\lib\gensync-utils\async.js:67:7
      at C:\Users\aksha\Downloads\FinSight\frontend\node_modules\gensync\index.js:113:33
      at step (C:\Users\aksha\Downloads\FinSight\frontend\node_modules\gensync\index.js:287:14)
      at C:\Users\aksha\Downloads\FinSight\frontend\node_modules\gensync\index.js:273:13
      at async.call.result.err.err (C:\Users\aksha\Downloads\FinSight\frontend\node_modules\gensync\index.js:223:11)
